

##############################################
PALM: Prompt Learning in Audio Language Models
##############################################




Model:    PALM_TEXT
Dataset:  GT-Music-Genre
Seed:     1


Creating a 16-shot dataset ...


################## Dataset Information ##################
FewShot Dataset

Root: REDACTED/Audio-Datasets/GT-Music-Genre

Number of Classes: 10

Number of Shots: 16

Total Number of Samples: 160

Classnames: ['blues', 'classical', 'country', 'disco', 'hiphop', 'jazz', 'metal', 'pop', 'reggae', 'rock']

Label to Classname: {0: 'blues', 1: 'classical', 2: 'country', 3: 'disco', 4: 'hiphop', 5: 'jazz', 6: 'metal', 7: 'pop', 8: 'reggae', 9: 'rock'}

Classname to Label: {'blues': 0, 'classical': 1, 'country': 2, 'disco': 3, 'hiphop': 4, 'jazz': 5, 'metal': 6, 'pop': 7, 'reggae': 8, 'rock': 9}
########################################################




################## Dataset Information ##################
FewShot Dataset

Root: REDACTED/Audio-Datasets/GT-Music-Genre

Number of Classes: 10

Number of Shots: -1

Total Number of Samples: 200

Classnames: ['blues', 'classical', 'country', 'disco', 'hiphop', 'jazz', 'metal', 'pop', 'reggae', 'rock']

Label to Classname: {0: 'blues', 1: 'classical', 2: 'country', 3: 'disco', 4: 'hiphop', 5: 'jazz', 6: 'metal', 7: 'pop', 8: 'reggae', 9: 'rock'}

Classname to Label: {'blues': 0, 'classical': 1, 'country': 2, 'disco': 3, 'hiphop': 4, 'jazz': 5, 'metal': 6, 'pop': 7, 'reggae': 8, 'rock': 9}
########################################################


REDACTED/.venvs/palm/lib/python3.8/site-packages/huggingface_hub/file_download.py:1132: FutureWarning: `resume_download` is deprecated and will be removed in version 1.0.0. Downloads always resume when possible. If you want to force a new download, use `force_download=True`.
  warnings.warn(
Initializing a generic context
args:  Namespace(batch_size=16, classnames=['blues', 'classical', 'country', 'disco', 'hiphop', 'jazz', 'metal', 'pop', 'reggae', 'rock'], ctx_dim=1024, dataset_root='REDACTED/Audio-Datasets/GT-Music-Genre', device=device(type='cuda'), do_logging=True, eval_only=False, exp_name='GT-Music-Genre', freq_test_model=10, json_file_path='logs/palm_text/GT-Music-Genre.json', log_dir='logs/palm_text', lr=0.05, model_name='palm_text', model_path='', n_ctx=16, n_epochs=50, num_shots=16, process_audio_fn=<bound method PengiWrapper.preprocess_audio of <pengi.wrapper.PengiWrapper object at 0x7ff0312efe80>>, prompt_prefix='The is a recording of ', repeat=False, resample=True, rho=0.3, save_model_path='REDACTED/Audio-Datasets/GT-Music-Genre', seed=1, spec_aug=False, start_epoch=0)

  0%|          | 0/50 [00:00<?, ?it/s]
  2%|2         | 1/50 [00:03<03:15,  4.00s/it]
  4%|4         | 2/50 [00:07<03:02,  3.80s/it]
  6%|6         | 3/50 [00:11<02:57,  3.77s/it]
  8%|8         | 4/50 [00:15<02:58,  3.88s/it]
 10%|#         | 5/50 [00:19<02:51,  3.81s/it]
 12%|#2        | 6/50 [00:22<02:46,  3.79s/it]
 14%|#4        | 7/50 [00:26<02:42,  3.78s/it]
 16%|#6        | 8/50 [00:30<02:46,  3.96s/it]
 18%|#8        | 9/50 [00:34<02:38,  3.87s/it]

Epoch 10/50

Accuracy             = 0.8500
F1-Score             = 0.8518
Precision            = 0.8587
Recall               = 0.8500
Average Loss         = 1.0196



 20%|##        | 10/50 [00:38<02:37,  3.93s/it]
 22%|##2       | 11/50 [00:42<02:32,  3.91s/it]
 24%|##4       | 12/50 [00:46<02:26,  3.86s/it]
 26%|##6       | 13/50 [00:50<02:23,  3.87s/it]
 28%|##8       | 14/50 [00:53<02:17,  3.83s/it]
 30%|###       | 15/50 [00:57<02:13,  3.80s/it]
 32%|###2      | 16/50 [01:01<02:07,  3.74s/it]
 34%|###4      | 17/50 [01:05<02:03,  3.75s/it]
 36%|###6      | 18/50 [01:08<02:00,  3.76s/it]
 38%|###8      | 19/50 [01:12<01:57,  3.78s/it]

Epoch 20/50

Accuracy             = 0.8938
F1-Score             = 0.8925
Precision            = 0.8943
Recall               = 0.8938
Average Loss         = 0.4997



 40%|####      | 20/50 [01:16<01:54,  3.83s/it]
 42%|####2     | 21/50 [01:20<01:50,  3.81s/it]
 44%|####4     | 22/50 [01:24<01:46,  3.82s/it]
 46%|####6     | 23/50 [01:27<01:41,  3.77s/it]
 48%|####8     | 24/50 [01:31<01:38,  3.80s/it]
 50%|#####     | 25/50 [01:35<01:36,  3.85s/it]
 52%|#####2    | 26/50 [01:39<01:30,  3.77s/it]
 54%|#####4    | 27/50 [01:43<01:27,  3.82s/it]
 56%|#####6    | 28/50 [01:47<01:25,  3.89s/it]
 58%|#####8    | 29/50 [01:51<01:23,  3.99s/it]

Epoch 30/50

Accuracy             = 0.9000
F1-Score             = 0.9012
Precision            = 0.9062
Recall               = 0.9000
Average Loss         = 0.4814



 60%|######    | 30/50 [01:55<01:16,  3.85s/it]
 62%|######2   | 31/50 [01:58<01:12,  3.80s/it]
 64%|######4   | 32/50 [02:02<01:09,  3.89s/it]
 66%|######6   | 33/50 [02:06<01:05,  3.86s/it]
 68%|######8   | 34/50 [02:10<01:02,  3.93s/it]
 70%|#######   | 35/50 [02:14<00:58,  3.88s/it]
 72%|#######2  | 36/50 [02:18<00:54,  3.86s/it]
 74%|#######4  | 37/50 [02:22<00:50,  3.88s/it]
 76%|#######6  | 38/50 [02:25<00:46,  3.85s/it]
 78%|#######8  | 39/50 [02:29<00:42,  3.84s/it]

Epoch 40/50

Accuracy             = 0.9187
F1-Score             = 0.9190
Precision            = 0.9203
Recall               = 0.9187
Average Loss         = 0.2249



 80%|########  | 40/50 [02:33<00:38,  3.81s/it]
 82%|########2 | 41/50 [02:37<00:34,  3.79s/it]
 84%|########4 | 42/50 [02:41<00:30,  3.82s/it]
 86%|########6 | 43/50 [02:44<00:26,  3.81s/it]
 88%|########8 | 44/50 [02:48<00:22,  3.77s/it]
 90%|######### | 45/50 [02:52<00:18,  3.78s/it]
 92%|#########2| 46/50 [02:56<00:14,  3.74s/it]
 94%|#########3| 47/50 [02:59<00:11,  3.76s/it]
 96%|#########6| 48/50 [03:03<00:07,  3.76s/it]
 98%|#########8| 49/50 [03:07<00:03,  3.74s/it]

Epoch 50/50

Accuracy             = 0.9375
F1-Score             = 0.9376
Precision            = 0.9421
Recall               = 0.9375
Average Loss         = 0.2354




Evaluating the model ...


  0%|          | 0/2 [00:00<?, ?it/s][A

 50%|#####     | 1/2 [00:07<00:07,  7.74s/it][A

100%|##########| 2/2 [00:07<00:00,  3.25s/it][A
100%|##########| 2/2 [00:08<00:00,  4.06s/it]


Time & Date = 11:11 PM , 09_Jun_2024

Total Time => 0 Hours : 0 Minutes : 8 Seconds



Epoch 50/50

Accuracy             = 0.7850
F1-Score             = 0.7888
Precision            = 0.8077
Recall               = 0.7902
Average Loss         = 1.4901




Final Evaluation
Saving Results ...
Results Saved



100%|##########| 50/50 [03:20<00:00,  6.42s/it]
100%|##########| 50/50 [03:20<00:00,  4.00s/it]


Time & Date = 11:11 PM , 09_Jun_2024

Total Time => 0 Hours : 3 Minutes : 20 Seconds


