

##############################################
PALM: Prompt Learning in Audio Language Models
##############################################




Model:    PALM_TEXT
Dataset:  NS-Instruments
Seed:     1


Creating a 16-shot dataset ...


################## Dataset Information ##################
FewShot Dataset

Root: REDACTED/Audio-Datasets/NS-Instruments

Number of Classes: 10

Number of Shots: 16

Total Number of Samples: 160

Classnames: ['bass', 'brass', 'flute', 'guitar', 'keyboard', 'mallet', 'organ', 'reed', 'string', 'vocal']

Label to Classname: {0: 'bass', 1: 'brass', 2: 'flute', 3: 'guitar', 4: 'keyboard', 5: 'mallet', 6: 'organ', 7: 'reed', 8: 'string', 9: 'vocal'}

Classname to Label: {'bass': 0, 'brass': 1, 'flute': 2, 'guitar': 3, 'keyboard': 4, 'mallet': 5, 'organ': 6, 'reed': 7, 'string': 8, 'vocal': 9}
########################################################




################## Dataset Information ##################
FewShot Dataset

Root: REDACTED/Audio-Datasets/NS-Instruments

Number of Classes: 10

Number of Shots: -1

Total Number of Samples: 4096

Classnames: ['bass', 'brass', 'flute', 'guitar', 'keyboard', 'mallet', 'organ', 'reed', 'string', 'vocal']

Label to Classname: {0: 'bass', 1: 'brass', 2: 'flute', 3: 'guitar', 4: 'keyboard', 5: 'mallet', 6: 'organ', 7: 'reed', 8: 'string', 9: 'vocal'}

Classname to Label: {'bass': 0, 'brass': 1, 'flute': 2, 'guitar': 3, 'keyboard': 4, 'mallet': 5, 'organ': 6, 'reed': 7, 'string': 8, 'vocal': 9}
########################################################


REDACTED/.venvs/palm/lib/python3.8/site-packages/huggingface_hub/file_download.py:1132: FutureWarning: `resume_download` is deprecated and will be removed in version 1.0.0. Downloads always resume when possible. If you want to force a new download, use `force_download=True`.
  warnings.warn(
Initializing a generic context
args:  Namespace(batch_size=16, classnames=['bass', 'brass', 'flute', 'guitar', 'keyboard', 'mallet', 'organ', 'reed', 'string', 'vocal'], ctx_dim=1024, dataset_root='REDACTED/Audio-Datasets/NS-Instruments', device=device(type='cuda'), do_logging=True, eval_only=False, exp_name='NS-Instruments', freq_test_model=10, json_file_path='logs/palm_text/NS-Instruments.json', log_dir='logs/palm_text', lr=0.05, model_name='palm_text', model_path='', n_ctx=16, n_epochs=50, num_shots=16, process_audio_fn=<bound method PengiWrapper.preprocess_audio of <pengi.wrapper.PengiWrapper object at 0x7fe9575a8e80>>, prompt_prefix='The is a recording of ', repeat=False, resample=True, rho=0.3, save_model_path='REDACTED/Audio-Datasets/NS-Instruments', seed=1, spec_aug=False, start_epoch=0)

  0%|          | 0/50 [00:00<?, ?it/s]
  2%|2         | 1/50 [00:03<02:58,  3.65s/it]
  4%|4         | 2/50 [00:07<02:52,  3.60s/it]
  6%|6         | 3/50 [00:10<02:47,  3.56s/it]
  8%|8         | 4/50 [00:14<02:43,  3.56s/it]
 10%|#         | 5/50 [00:17<02:42,  3.61s/it]
 12%|#2        | 6/50 [00:21<02:37,  3.58s/it]
 14%|#4        | 7/50 [00:25<02:33,  3.57s/it]
 16%|#6        | 8/50 [00:28<02:29,  3.56s/it]
 18%|#8        | 9/50 [00:32<02:24,  3.54s/it]

Epoch 10/50

Accuracy             = 0.9625
F1-Score             = 0.9625
Precision            = 0.9640
Recall               = 0.9625
Average Loss         = 0.1594



 20%|##        | 10/50 [00:35<02:21,  3.54s/it]
 22%|##2       | 11/50 [00:39<02:18,  3.54s/it]
 24%|##4       | 12/50 [00:42<02:14,  3.55s/it]
 26%|##6       | 13/50 [00:46<02:11,  3.55s/it]
 28%|##8       | 14/50 [00:49<02:08,  3.56s/it]
 30%|###       | 15/50 [00:53<02:05,  3.58s/it]
 32%|###2      | 16/50 [00:57<02:01,  3.57s/it]
 34%|###4      | 17/50 [01:00<01:57,  3.57s/it]
 36%|###6      | 18/50 [01:04<01:54,  3.57s/it]
 38%|###8      | 19/50 [01:07<01:50,  3.55s/it]

Epoch 20/50

Accuracy             = 0.9750
F1-Score             = 0.9748
Precision            = 0.9765
Recall               = 0.9750
Average Loss         = 0.0801



 40%|####      | 20/50 [01:11<01:46,  3.55s/it]
 42%|####2     | 21/50 [01:14<01:42,  3.54s/it]
 44%|####4     | 22/50 [01:18<01:39,  3.56s/it]
 46%|####6     | 23/50 [01:21<01:36,  3.56s/it]
 48%|####8     | 24/50 [01:25<01:32,  3.57s/it]
 50%|#####     | 25/50 [01:29<01:29,  3.58s/it]
 52%|#####2    | 26/50 [01:32<01:26,  3.60s/it]
 54%|#####4    | 27/50 [01:36<01:22,  3.60s/it]
 56%|#####6    | 28/50 [01:40<01:20,  3.64s/it]
 58%|#####8    | 29/50 [01:43<01:15,  3.61s/it]

Epoch 30/50

Accuracy             = 0.9750
F1-Score             = 0.9750
Precision            = 0.9757
Recall               = 0.9750
Average Loss         = 0.1174



 60%|######    | 30/50 [01:47<01:11,  3.59s/it]
 62%|######2   | 31/50 [01:50<01:07,  3.55s/it]
 64%|######4   | 32/50 [01:54<01:03,  3.55s/it]
 66%|######6   | 33/50 [01:57<01:00,  3.57s/it]
 68%|######8   | 34/50 [02:01<00:56,  3.55s/it]
 70%|#######   | 35/50 [02:04<00:52,  3.52s/it]
 72%|#######2  | 36/50 [02:08<00:49,  3.52s/it]
 74%|#######4  | 37/50 [02:11<00:45,  3.51s/it]
 76%|#######6  | 38/50 [02:15<00:42,  3.51s/it]
 78%|#######8  | 39/50 [02:18<00:38,  3.49s/it]

Epoch 40/50

Accuracy             = 0.9938
F1-Score             = 0.9937
Precision            = 0.9941
Recall               = 0.9938
Average Loss         = 0.0159



 80%|########  | 40/50 [02:22<00:35,  3.51s/it]
 82%|########2 | 41/50 [02:25<00:31,  3.51s/it]
 84%|########4 | 42/50 [02:29<00:28,  3.54s/it]
 86%|########6 | 43/50 [02:32<00:24,  3.51s/it]
 88%|########8 | 44/50 [02:36<00:21,  3.50s/it]
 90%|######### | 45/50 [02:39<00:17,  3.54s/it]
 92%|#########2| 46/50 [02:43<00:14,  3.53s/it]
 94%|#########3| 47/50 [02:47<00:10,  3.55s/it]
 96%|#########6| 48/50 [02:50<00:07,  3.55s/it]
 98%|#########8| 49/50 [02:54<00:03,  3.55s/it]

Epoch 50/50

Accuracy             = 0.9938
F1-Score             = 0.9937
Precision            = 0.9941
Recall               = 0.9938
Average Loss         = 0.0185




Evaluating the model ...


  0%|          | 0/32 [00:00<?, ?it/s][A

  3%|3         | 1/32 [00:05<03:00,  5.81s/it][A

  6%|6         | 2/32 [00:05<01:14,  2.49s/it][A

  9%|9         | 3/32 [00:06<00:42,  1.46s/it][A

 12%|#2        | 4/32 [00:06<00:26,  1.05it/s][A

 16%|#5        | 5/32 [00:12<01:12,  2.67s/it][A

 19%|#8        | 6/32 [00:12<00:47,  1.83s/it][A

 22%|##1       | 7/32 [00:12<00:32,  1.31s/it][A

 25%|##5       | 8/32 [00:12<00:22,  1.05it/s][A

 28%|##8       | 9/32 [00:17<00:49,  2.14s/it][A

 31%|###1      | 10/32 [00:17<00:33,  1.54s/it][A

 34%|###4      | 11/32 [00:17<00:23,  1.14s/it][A

 38%|###7      | 12/32 [00:18<00:17,  1.17it/s][A

 41%|####      | 13/32 [00:22<00:38,  2.01s/it][A

 44%|####3     | 14/32 [00:22<00:26,  1.46s/it][A

 47%|####6     | 15/32 [00:23<00:18,  1.09s/it][A

 50%|#####     | 16/32 [00:23<00:13,  1.22it/s][A

 53%|#####3    | 17/32 [00:28<00:30,  2.00s/it][A

 56%|#####6    | 18/32 [00:28<00:20,  1.45s/it][A

 59%|#####9    | 19/32 [00:28<00:14,  1.09s/it][A

 62%|######2   | 20/32 [00:28<00:09,  1.22it/s][A

 66%|######5   | 21/32 [00:33<00:21,  1.99s/it][A

 69%|######8   | 22/32 [00:33<00:14,  1.45s/it][A

 72%|#######1  | 23/32 [00:33<00:09,  1.09s/it][A

 75%|#######5  | 24/32 [00:34<00:06,  1.22it/s][A

 78%|#######8  | 25/32 [00:38<00:13,  1.99s/it][A

 81%|########1 | 26/32 [00:38<00:08,  1.44s/it][A

 84%|########4 | 27/32 [00:39<00:05,  1.08s/it][A

 88%|########7 | 28/32 [00:39<00:03,  1.24it/s][A

 91%|######### | 29/32 [00:44<00:05,  1.99s/it][A

 94%|#########3| 30/32 [00:44<00:02,  1.44s/it][A

 97%|#########6| 31/32 [00:44<00:01,  1.11s/it][A

100%|##########| 32/32 [00:44<00:00,  1.16it/s][A
100%|##########| 32/32 [00:45<00:00,  1.41s/it]


Time & Date = 11:51 PM , 09_Jun_2024

Total Time => 0 Hours : 0 Minutes : 45 Seconds



Epoch 50/50

Accuracy             = 0.6108
F1-Score             = 0.6062
Precision            = 0.6166
Recall               = 0.6508
Average Loss         = 4.4305




Final Evaluation
Saving Results ...
Results Saved



100%|##########| 50/50 [03:43<00:00, 17.37s/it]
100%|##########| 50/50 [03:43<00:00,  4.48s/it]


Time & Date = 11:51 PM , 09_Jun_2024

Total Time => 0 Hours : 3 Minutes : 43 Seconds


