

##############################################
PALM: Prompt Learning in Audio Language Models
##############################################


Time & Date = 09:22 PM , 10_Jun_2024  GST



Model:    PALM
Dataset:  SESA
Seed:     1


Creating a 16-shot dataset ...


################## Dataset Information ##################
FewShot Dataset

Root: REDACTED/Audio-Datasets/SESA

Number of Classes: 4

Number of Shots: 16

Total Number of Samples: 64

Classnames: ['casual', 'explosion', 'gunshot', 'siren']

Label to Classname: {0: 'casual', 1: 'explosion', 2: 'gunshot', 3: 'siren'}

Classname to Label: {'casual': 0, 'explosion': 1, 'gunshot': 2, 'siren': 3}
########################################################




################## Dataset Information ##################
FewShot Dataset

Root: REDACTED/Audio-Datasets/SESA

Number of Classes: 4

Number of Shots: -1

Total Number of Samples: 105

Classnames: ['casual', 'explosion', 'gunshot', 'siren']

Label to Classname: {0: 'casual', 1: 'explosion', 2: 'gunshot', 3: 'siren'}

Classname to Label: {'casual': 0, 'explosion': 1, 'gunshot': 2, 'siren': 3}
########################################################


REDACTED/.venvs/palm/lib/python3.8/site-packages/huggingface_hub/file_download.py:1132: FutureWarning: `resume_download` is deprecated and will be removed in version 1.0.0. Downloads always resume when possible. If you want to force a new download, use `force_download=True`.
  warnings.warn(
Initializing a generic context
args:  Namespace(batch_size=16, classnames=['casual', 'explosion', 'gunshot', 'siren'], ctx_dim=1024, dataset_root='REDACTED/Audio-Datasets/SESA', device=device(type='cuda'), do_logging=True, eval_only=False, exp_name='SESA', freq_test_model=10, json_file_path='logs/palm/SESA.json', log_dir='logs/palm', lr=0.05, model_name='palm', model_path='', n_ctx=16, n_epochs=50, num_shots=16, process_audio_fn=<bound method PengiWrapper.preprocess_audio of <pengi.wrapper.PengiWrapper object at 0x7fe7df555160>>, prompt_prefix='The is a recording of ', repeat=False, resample=True, save_model_path='REDACTED/Audio-Datasets/SESA', seed=1, spec_aug=False, start_epoch=0)

  0%|          | 0/50 [00:00<?, ?it/s]
  2%|2         | 1/50 [00:02<02:06,  2.59s/it]
  4%|4         | 2/50 [00:05<02:09,  2.71s/it]
  6%|6         | 3/50 [00:07<02:04,  2.64s/it]
  8%|8         | 4/50 [00:10<01:56,  2.53s/it]
 10%|#         | 5/50 [00:12<01:53,  2.52s/it]
 12%|#2        | 6/50 [00:15<01:50,  2.51s/it]
 14%|#4        | 7/50 [00:17<01:46,  2.48s/it]
 16%|#6        | 8/50 [00:20<01:44,  2.48s/it]
 18%|#8        | 9/50 [00:22<01:41,  2.47s/it]

Epoch 10/50

Accuracy             = 0.9531
F1-Score             = 0.9519
Precision            = 0.9575
Recall               = 0.9531
Average Loss         = 0.2664



 20%|##        | 10/50 [00:25<01:39,  2.48s/it]
 22%|##2       | 11/50 [00:27<01:36,  2.48s/it]
 24%|##4       | 12/50 [00:30<01:34,  2.48s/it]
 26%|##6       | 13/50 [00:32<01:31,  2.48s/it]
 28%|##8       | 14/50 [00:34<01:28,  2.46s/it]
 30%|###       | 15/50 [00:37<01:24,  2.41s/it]
 32%|###2      | 16/50 [00:39<01:23,  2.45s/it]
 34%|###4      | 17/50 [00:42<01:21,  2.47s/it]
 36%|###6      | 18/50 [00:44<01:17,  2.42s/it]
 38%|###8      | 19/50 [00:46<01:14,  2.40s/it]

Epoch 20/50

Accuracy             = 0.9688
F1-Score             = 0.9688
Precision            = 0.9688
Recall               = 0.9688
Average Loss         = 0.1283



 40%|####      | 20/50 [00:49<01:12,  2.42s/it]
 42%|####2     | 21/50 [00:51<01:10,  2.44s/it]
 44%|####4     | 22/50 [00:54<01:08,  2.46s/it]
 46%|####6     | 23/50 [00:56<01:06,  2.47s/it]
 48%|####8     | 24/50 [00:59<01:04,  2.47s/it]
 50%|#####     | 25/50 [01:01<01:01,  2.47s/it]
 52%|#####2    | 26/50 [01:04<00:58,  2.44s/it]
 54%|#####4    | 27/50 [01:06<00:56,  2.44s/it]
 56%|#####6    | 28/50 [01:09<00:53,  2.45s/it]
 58%|#####8    | 29/50 [01:11<00:51,  2.46s/it]

Epoch 30/50

Accuracy             = 0.9844
F1-Score             = 0.9844
Precision            = 0.9853
Recall               = 0.9844
Average Loss         = 0.0180



 60%|######    | 30/50 [01:14<00:49,  2.48s/it]
 62%|######2   | 31/50 [01:16<00:47,  2.48s/it]
 64%|######4   | 32/50 [01:19<00:44,  2.45s/it]
 66%|######6   | 33/50 [01:21<00:40,  2.40s/it]
 68%|######8   | 34/50 [01:23<00:37,  2.35s/it]
 70%|#######   | 35/50 [01:25<00:35,  2.37s/it]
 72%|#######2  | 36/50 [01:28<00:33,  2.43s/it]
 74%|#######4  | 37/50 [01:31<00:31,  2.45s/it]
 76%|#######6  | 38/50 [01:33<00:29,  2.48s/it]
 78%|#######8  | 39/50 [01:36<00:27,  2.49s/it]

Epoch 40/50

Accuracy             = 0.9688
F1-Score             = 0.9688
Precision            = 0.9688
Recall               = 0.9688
Average Loss         = 0.1584



 80%|########  | 40/50 [01:38<00:25,  2.51s/it]
 82%|########2 | 41/50 [01:41<00:22,  2.51s/it]
 84%|########4 | 42/50 [01:43<00:20,  2.50s/it]
 86%|########6 | 43/50 [01:46<00:17,  2.50s/it]
 88%|########8 | 44/50 [01:48<00:15,  2.51s/it]
 90%|######### | 45/50 [01:51<00:12,  2.51s/it]
 92%|#########2| 46/50 [01:53<00:09,  2.49s/it]
 94%|#########3| 47/50 [01:56<00:07,  2.46s/it]
 96%|#########6| 48/50 [01:58<00:04,  2.45s/it]
 98%|#########8| 49/50 [02:00<00:02,  2.43s/it]

Epoch 50/50

Accuracy             = 0.9688
F1-Score             = 0.9686
Precision            = 0.9722
Recall               = 0.9688
Average Loss         = 0.0349




Evaluating the model ...


  0%|          | 0/1 [00:00<?, ?it/s][A

100%|##########| 1/1 [00:05<00:00,  5.22s/it][A
100%|##########| 1/1 [00:05<00:00,  5.46s/it]


Time & Date = 09:24 PM , 10_Jun_2024  GST

Total Time => 0 Hours : 0 Minutes : 6 Seconds



Epoch 50/50

Accuracy             = 0.9143
F1-Score             = 0.9197
Precision            = 0.9273
Recall               = 0.9213
Average Loss         = 0.4241




Final Evaluation
Saving Results ...
Results Saved



100%|##########| 50/50 [02:09<00:00,  4.31s/it]
100%|##########| 50/50 [02:09<00:00,  2.59s/it]


Time & Date = 09:24 PM , 10_Jun_2024  GST

Total Time => 0 Hours : 2 Minutes : 9 Seconds


