

##############################################
PALM: Prompt Learning in Audio Language Models
##############################################


Time & Date = 09:24 PM , 10_Jun_2024  GST



Model:    PALM
Dataset:  SESA
Seed:     2


Creating a 16-shot dataset ...


################## Dataset Information ##################
FewShot Dataset

Root: REDACTED/Audio-Datasets/SESA

Number of Classes: 4

Number of Shots: 16

Total Number of Samples: 64

Classnames: ['casual', 'explosion', 'gunshot', 'siren']

Label to Classname: {0: 'casual', 1: 'explosion', 2: 'gunshot', 3: 'siren'}

Classname to Label: {'casual': 0, 'explosion': 1, 'gunshot': 2, 'siren': 3}
########################################################




################## Dataset Information ##################
FewShot Dataset

Root: REDACTED/Audio-Datasets/SESA

Number of Classes: 4

Number of Shots: -1

Total Number of Samples: 105

Classnames: ['casual', 'explosion', 'gunshot', 'siren']

Label to Classname: {0: 'casual', 1: 'explosion', 2: 'gunshot', 3: 'siren'}

Classname to Label: {'casual': 0, 'explosion': 1, 'gunshot': 2, 'siren': 3}
########################################################


REDACTED/.venvs/palm/lib/python3.8/site-packages/huggingface_hub/file_download.py:1132: FutureWarning: `resume_download` is deprecated and will be removed in version 1.0.0. Downloads always resume when possible. If you want to force a new download, use `force_download=True`.
  warnings.warn(
Initializing a generic context
args:  Namespace(batch_size=16, classnames=['casual', 'explosion', 'gunshot', 'siren'], ctx_dim=1024, dataset_root='REDACTED/Audio-Datasets/SESA', device=device(type='cuda'), do_logging=True, eval_only=False, exp_name='SESA', freq_test_model=10, json_file_path='logs/palm/SESA.json', log_dir='logs/palm', lr=0.05, model_name='palm', model_path='', n_ctx=16, n_epochs=50, num_shots=16, process_audio_fn=<bound method PengiWrapper.preprocess_audio of <pengi.wrapper.PengiWrapper object at 0x7f870b2f3160>>, prompt_prefix='The is a recording of ', repeat=False, resample=True, save_model_path='REDACTED/Audio-Datasets/SESA', seed=2, spec_aug=False, start_epoch=0)

  0%|          | 0/50 [00:00<?, ?it/s]
  2%|2         | 1/50 [00:02<01:58,  2.42s/it]
  4%|4         | 2/50 [00:04<01:55,  2.40s/it]
  6%|6         | 3/50 [00:07<01:50,  2.36s/it]
  8%|8         | 4/50 [00:09<01:48,  2.37s/it]
 10%|#         | 5/50 [00:11<01:44,  2.32s/it]
 12%|#2        | 6/50 [00:14<01:41,  2.31s/it]
 14%|#4        | 7/50 [00:16<01:39,  2.31s/it]
 16%|#6        | 8/50 [00:18<01:36,  2.30s/it]
 18%|#8        | 9/50 [00:20<01:34,  2.30s/it]

Epoch 10/50

Accuracy             = 0.9531
F1-Score             = 0.9526
Precision            = 0.9539
Recall               = 0.9531
Average Loss         = 0.5236



 20%|##        | 10/50 [00:23<01:31,  2.29s/it]
 22%|##2       | 11/50 [00:25<01:28,  2.26s/it]
 24%|##4       | 12/50 [00:27<01:24,  2.22s/it]
 26%|##6       | 13/50 [00:29<01:22,  2.22s/it]
 28%|##8       | 14/50 [00:32<01:21,  2.27s/it]
 30%|###       | 15/50 [00:34<01:18,  2.26s/it]
 32%|###2      | 16/50 [00:36<01:17,  2.27s/it]
 34%|###4      | 17/50 [00:38<01:14,  2.26s/it]
 36%|###6      | 18/50 [00:41<01:13,  2.30s/it]
 38%|###8      | 19/50 [00:43<01:09,  2.26s/it]

Epoch 20/50

Accuracy             = 0.9688
F1-Score             = 0.9692
Precision            = 0.9722
Recall               = 0.9688
Average Loss         = 0.2214



 40%|####      | 20/50 [00:45<01:08,  2.29s/it]
 42%|####2     | 21/50 [00:48<01:06,  2.29s/it]
 44%|####4     | 22/50 [00:50<01:04,  2.31s/it]
 46%|####6     | 23/50 [00:52<01:01,  2.28s/it]
 48%|####8     | 24/50 [00:54<00:59,  2.28s/it]
 50%|#####     | 25/50 [00:57<00:57,  2.29s/it]
 52%|#####2    | 26/50 [00:59<00:55,  2.30s/it]
 54%|#####4    | 27/50 [01:01<00:52,  2.28s/it]
 56%|#####6    | 28/50 [01:04<00:50,  2.28s/it]
 58%|#####8    | 29/50 [01:06<00:47,  2.25s/it]

Epoch 30/50

Accuracy             = 0.9844
F1-Score             = 0.9844
Precision            = 0.9853
Recall               = 0.9844
Average Loss         = 0.0599



 60%|######    | 30/50 [01:08<00:45,  2.28s/it]
 62%|######2   | 31/50 [01:10<00:43,  2.28s/it]
 64%|######4   | 32/50 [01:13<00:40,  2.26s/it]
 66%|######6   | 33/50 [01:15<00:38,  2.24s/it]
 68%|######8   | 34/50 [01:17<00:36,  2.27s/it]
 70%|#######   | 35/50 [01:19<00:33,  2.26s/it]
 72%|#######2  | 36/50 [01:22<00:31,  2.24s/it]
 74%|#######4  | 37/50 [01:24<00:29,  2.25s/it]
 76%|#######6  | 38/50 [01:26<00:26,  2.23s/it]
 78%|#######8  | 39/50 [01:28<00:24,  2.22s/it]

Epoch 40/50

Accuracy             = 0.9531
F1-Score             = 0.9536
Precision            = 0.9550
Recall               = 0.9531
Average Loss         = 0.2630



 80%|########  | 40/50 [01:31<00:22,  2.24s/it]
 82%|########2 | 41/50 [01:33<00:20,  2.25s/it]
 84%|########4 | 42/50 [01:35<00:18,  2.28s/it]
 86%|########6 | 43/50 [01:37<00:15,  2.26s/it]
 88%|########8 | 44/50 [01:40<00:13,  2.27s/it]
 90%|######### | 45/50 [01:42<00:11,  2.30s/it]
 92%|#########2| 46/50 [01:44<00:09,  2.28s/it]
 94%|#########3| 47/50 [01:47<00:06,  2.29s/it]
 96%|#########6| 48/50 [01:49<00:04,  2.29s/it]
 98%|#########8| 49/50 [01:51<00:02,  2.29s/it]

Epoch 50/50

Accuracy             = 1.0000
F1-Score             = 1.0000
Precision            = 1.0000
Recall               = 1.0000
Average Loss         = 0.0054




Evaluating the model ...


  0%|          | 0/1 [00:00<?, ?it/s][A

100%|##########| 1/1 [00:05<00:00,  5.10s/it][A
100%|##########| 1/1 [00:05<00:00,  5.33s/it]


Time & Date = 09:27 PM , 10_Jun_2024  GST

Total Time => 0 Hours : 0 Minutes : 5 Seconds



Epoch 50/50

Accuracy             = 0.8857
F1-Score             = 0.8805
Precision            = 0.8909
Recall               = 0.8940
Average Loss         = 2.0808




Final Evaluation
Saving Results ...
Results Saved



100%|##########| 50/50 [01:59<00:00,  4.06s/it]
100%|##########| 50/50 [01:59<00:00,  2.40s/it]


Time & Date = 09:27 PM , 10_Jun_2024  GST

Total Time => 0 Hours : 1 Minutes : 59 Seconds


