

##############################################
PALM: Prompt Learning in Audio Language Models
##############################################




Model:    PALM_TEXT
Dataset:  VocalSound
Seed:     2


Creating a 16-shot dataset ...


################## Dataset Information ##################
FewShot Dataset

Root: REDACTED/Audio-Datasets/VocalSound

Number of Classes: 6

Number of Shots: 16

Total Number of Samples: 96

Classnames: ['Cough', 'Laughter', 'Sigh', 'Sneeze', 'Sniff', 'Throat clearing']

Label to Classname: {0: 'Cough', 1: 'Laughter', 2: 'Sigh', 3: 'Sneeze', 4: 'Sniff', 5: 'Throat clearing'}

Classname to Label: {'Cough': 0, 'Laughter': 1, 'Sigh': 2, 'Sneeze': 3, 'Sniff': 4, 'Throat clearing': 5}
########################################################




################## Dataset Information ##################
FewShot Dataset

Root: REDACTED/Audio-Datasets/VocalSound

Number of Classes: 6

Number of Shots: -1

Total Number of Samples: 3591

Classnames: ['Cough', 'Laughter', 'Sigh', 'Sneeze', 'Sniff', 'Throat clearing']

Label to Classname: {0: 'Cough', 1: 'Laughter', 2: 'Sigh', 3: 'Sneeze', 4: 'Sniff', 5: 'Throat clearing'}

Classname to Label: {'Cough': 0, 'Laughter': 1, 'Sigh': 2, 'Sneeze': 3, 'Sniff': 4, 'Throat clearing': 5}
########################################################


REDACTED/.venvs/palm/lib/python3.8/site-packages/huggingface_hub/file_download.py:1132: FutureWarning: `resume_download` is deprecated and will be removed in version 1.0.0. Downloads always resume when possible. If you want to force a new download, use `force_download=True`.
  warnings.warn(
Initializing a generic context
args:  Namespace(batch_size=16, classnames=['Cough', 'Laughter', 'Sigh', 'Sneeze', 'Sniff', 'Throat clearing'], ctx_dim=1024, dataset_root='REDACTED/Audio-Datasets/VocalSound', device=device(type='cuda'), do_logging=True, eval_only=False, exp_name='VocalSound', freq_test_model=10, json_file_path='logs/palm_text/VocalSound.json', log_dir='logs/palm_text', lr=0.05, model_name='palm_text', model_path='', n_ctx=16, n_epochs=50, num_shots=16, process_audio_fn=<bound method PengiWrapper.preprocess_audio of <pengi.wrapper.PengiWrapper object at 0x7fa7960f2e50>>, prompt_prefix='The is a recording of ', repeat=False, resample=True, rho=0.3, save_model_path='REDACTED/Audio-Datasets/VocalSound', seed=2, spec_aug=False, start_epoch=0)

  0%|          | 0/50 [00:00<?, ?it/s]
  2%|2         | 1/50 [00:02<01:47,  2.19s/it]
  4%|4         | 2/50 [00:04<01:44,  2.17s/it]
  6%|6         | 3/50 [00:06<01:40,  2.15s/it]
  8%|8         | 4/50 [00:08<01:38,  2.15s/it]
 10%|#         | 5/50 [00:10<01:36,  2.15s/it]
 12%|#2        | 6/50 [00:12<01:34,  2.14s/it]
 14%|#4        | 7/50 [00:15<01:32,  2.14s/it]
 16%|#6        | 8/50 [00:17<01:29,  2.14s/it]
 18%|#8        | 9/50 [00:19<01:27,  2.13s/it]

Epoch 10/50

Accuracy             = 0.9062
F1-Score             = 0.9061
Precision            = 0.9088
Recall               = 0.9062
Average Loss         = 0.7337



 20%|##        | 10/50 [00:21<01:25,  2.14s/it]
 22%|##2       | 11/50 [00:23<01:22,  2.12s/it]
 24%|##4       | 12/50 [00:25<01:20,  2.12s/it]
 26%|##6       | 13/50 [00:27<01:18,  2.12s/it]
 28%|##8       | 14/50 [00:29<01:16,  2.12s/it]
 30%|###       | 15/50 [00:32<01:14,  2.13s/it]
 32%|###2      | 16/50 [00:34<01:12,  2.14s/it]
 34%|###4      | 17/50 [00:36<01:10,  2.14s/it]
 36%|###6      | 18/50 [00:38<01:08,  2.13s/it]
 38%|###8      | 19/50 [00:40<01:06,  2.15s/it]

Epoch 20/50

Accuracy             = 0.9479
F1-Score             = 0.9485
Precision            = 0.9504
Recall               = 0.9479
Average Loss         = 0.2312



 40%|####      | 20/50 [00:42<01:04,  2.15s/it]
 42%|####2     | 21/50 [00:44<01:02,  2.15s/it]
 44%|####4     | 22/50 [00:47<01:01,  2.19s/it]
 46%|####6     | 23/50 [00:49<00:58,  2.17s/it]
 48%|####8     | 24/50 [00:51<00:56,  2.16s/it]
 50%|#####     | 25/50 [00:53<00:53,  2.16s/it]
 52%|#####2    | 26/50 [00:55<00:51,  2.16s/it]
 54%|#####4    | 27/50 [00:57<00:49,  2.16s/it]
 56%|#####6    | 28/50 [01:00<00:47,  2.15s/it]
 58%|#####8    | 29/50 [01:02<00:45,  2.15s/it]

Epoch 30/50

Accuracy             = 0.9375
F1-Score             = 0.9388
Precision            = 0.9458
Recall               = 0.9375
Average Loss         = 0.2480



 60%|######    | 30/50 [01:04<00:42,  2.14s/it]
 62%|######2   | 31/50 [01:06<00:40,  2.15s/it]
 64%|######4   | 32/50 [01:08<00:38,  2.15s/it]
 66%|######6   | 33/50 [01:10<00:36,  2.15s/it]
 68%|######8   | 34/50 [01:12<00:34,  2.15s/it]
 70%|#######   | 35/50 [01:15<00:32,  2.16s/it]
 72%|#######2  | 36/50 [01:17<00:30,  2.18s/it]
 74%|#######4  | 37/50 [01:19<00:28,  2.18s/it]
 76%|#######6  | 38/50 [01:21<00:26,  2.17s/it]
 78%|#######8  | 39/50 [01:23<00:24,  2.19s/it]

Epoch 40/50

Accuracy             = 0.9792
F1-Score             = 0.9791
Precision            = 0.9804
Recall               = 0.9792
Average Loss         = 0.1022



 80%|########  | 40/50 [01:26<00:21,  2.18s/it]
 82%|########2 | 41/50 [01:28<00:19,  2.16s/it]
 84%|########4 | 42/50 [01:30<00:17,  2.15s/it]
 86%|########6 | 43/50 [01:32<00:15,  2.14s/it]
 88%|########8 | 44/50 [01:34<00:13,  2.17s/it]
 90%|######### | 45/50 [01:36<00:10,  2.17s/it]
 92%|#########2| 46/50 [01:39<00:08,  2.16s/it]
 94%|#########3| 47/50 [01:41<00:06,  2.16s/it]
 96%|#########6| 48/50 [01:43<00:04,  2.16s/it]
 98%|#########8| 49/50 [01:45<00:02,  2.14s/it]

Epoch 50/50

Accuracy             = 0.9583
F1-Score             = 0.9586
Precision            = 0.9602
Recall               = 0.9583
Average Loss         = 0.1794




Evaluating the model ...


  0%|          | 0/29 [00:00<?, ?it/s][A

  3%|3         | 1/29 [00:02<01:08,  2.45s/it][A

  7%|6         | 2/29 [00:02<00:30,  1.11s/it][A

 10%|#         | 3/29 [00:03<00:20,  1.27it/s][A

 14%|#3        | 4/29 [00:03<00:13,  1.83it/s][A

 17%|#7        | 5/29 [00:04<00:19,  1.20it/s][A

 21%|##        | 6/29 [00:04<00:14,  1.64it/s][A

 24%|##4       | 7/29 [00:05<00:15,  1.38it/s][A

 28%|##7       | 8/29 [00:05<00:11,  1.83it/s][A

 31%|###1      | 9/29 [00:06<00:11,  1.80it/s][A

 34%|###4      | 10/29 [00:06<00:08,  2.28it/s][A

 38%|###7      | 11/29 [00:08<00:14,  1.27it/s][A

 41%|####1     | 12/29 [00:08<00:10,  1.67it/s][A

 45%|####4     | 13/29 [00:08<00:07,  2.05it/s][A

 48%|####8     | 14/29 [00:08<00:05,  2.54it/s][A

 52%|#####1    | 15/29 [00:10<00:12,  1.09it/s][A

 55%|#####5    | 16/29 [00:11<00:09,  1.44it/s][A

 59%|#####8    | 17/29 [00:11<00:06,  1.82it/s][A

 62%|######2   | 18/29 [00:11<00:04,  2.28it/s][A

 66%|######5   | 19/29 [00:12<00:07,  1.35it/s][A

 69%|######8   | 20/29 [00:13<00:05,  1.75it/s][A

 72%|#######2  | 21/29 [00:13<00:03,  2.15it/s][A

 76%|#######5  | 22/29 [00:13<00:02,  2.64it/s][A

 79%|#######9  | 23/29 [00:14<00:04,  1.44it/s][A

 83%|########2 | 24/29 [00:15<00:02,  1.86it/s][A

 86%|########6 | 25/29 [00:15<00:01,  2.25it/s][A

 90%|########9 | 26/29 [00:15<00:01,  2.74it/s][A

 93%|#########3| 27/29 [00:16<00:01,  1.51it/s][A

 97%|#########6| 28/29 [00:17<00:00,  1.94it/s][A
100%|##########| 29/29 [00:17<00:00,  1.68it/s]


Time & Date = 06:26 AM , 10_Jun_2024

Total Time => 0 Hours : 0 Minutes : 17 Seconds



Epoch 50/50

Accuracy             = 0.7964
F1-Score             = 0.7972
Precision            = 0.8021
Recall               = 0.7964
Average Loss         = 1.4756




Final Evaluation
Saving Results ...
Results Saved



100%|##########| 50/50 [02:05<00:00,  7.50s/it]
100%|##########| 50/50 [02:05<00:00,  2.51s/it]


Time & Date = 06:26 AM , 10_Jun_2024

Total Time => 0 Hours : 2 Minutes : 5 Seconds


