

##############################################
PALM: Prompt Learning in Audio Language Models
##############################################




Model:    COOP
Dataset:  GT-Music-Genre
Seed:     1


Creating a 16-shot dataset ...


################## Dataset Information ##################
FewShot Dataset

Root: REDACTED/Audio-Datasets/GT-Music-Genre

Number of Classes: 10

Number of Shots: 16

Total Number of Samples: 160

Classnames: ['blues', 'classical', 'country', 'disco', 'hiphop', 'jazz', 'metal', 'pop', 'reggae', 'rock']

Label to Classname: {0: 'blues', 1: 'classical', 2: 'country', 3: 'disco', 4: 'hiphop', 5: 'jazz', 6: 'metal', 7: 'pop', 8: 'reggae', 9: 'rock'}

Classname to Label: {'blues': 0, 'classical': 1, 'country': 2, 'disco': 3, 'hiphop': 4, 'jazz': 5, 'metal': 6, 'pop': 7, 'reggae': 8, 'rock': 9}
########################################################




################## Dataset Information ##################
FewShot Dataset

Root: REDACTED/Audio-Datasets/GT-Music-Genre

Number of Classes: 10

Number of Shots: -1

Total Number of Samples: 200

Classnames: ['blues', 'classical', 'country', 'disco', 'hiphop', 'jazz', 'metal', 'pop', 'reggae', 'rock']

Label to Classname: {0: 'blues', 1: 'classical', 2: 'country', 3: 'disco', 4: 'hiphop', 5: 'jazz', 6: 'metal', 7: 'pop', 8: 'reggae', 9: 'rock'}

Classname to Label: {'blues': 0, 'classical': 1, 'country': 2, 'disco': 3, 'hiphop': 4, 'jazz': 5, 'metal': 6, 'pop': 7, 'reggae': 8, 'rock': 9}
########################################################


REDACTED/.venvs/palm/lib/python3.8/site-packages/huggingface_hub/file_download.py:1132: FutureWarning: `resume_download` is deprecated and will be removed in version 1.0.0. Downloads always resume when possible. If you want to force a new download, use `force_download=True`.
  warnings.warn(
Initializing a Generic Context for Coop ...
args:  Namespace(batch_size=16, classnames=['blues', 'classical', 'country', 'disco', 'hiphop', 'jazz', 'metal', 'pop', 'reggae', 'rock'], ctx_dim=512, dataset_root='REDACTED/Audio-Datasets/GT-Music-Genre', device=device(type='cuda'), do_logging=True, eval_only=False, exp_name='GT-Music-Genre', freq_test_model=10, json_file_path='logs/coop/GT-Music-Genre.json', log_dir='logs/coop', lr=0.05, model_name='coop', model_path='', n_ctx=16, n_epochs=50, num_shots=16, process_audio_fn=<bound method PengiWrapper.preprocess_audio of <pengi.wrapper.PengiWrapper object at 0x7feea6aabe80>>, prompt_prefix='The is a recording of ', repeat=False, resample=True, rho=0.3, save_model_path='REDACTED/Audio-Datasets/GT-Music-Genre', seed=1, spec_aug=False, start_epoch=0)

  0%|          | 0/50 [00:00<?, ?it/s]
  2%|2         | 1/50 [00:04<03:49,  4.69s/it]
  4%|4         | 2/50 [00:08<03:32,  4.43s/it]
  6%|6         | 3/50 [00:13<03:21,  4.28s/it]
  8%|8         | 4/50 [00:17<03:14,  4.23s/it]
 10%|#         | 5/50 [00:21<03:12,  4.27s/it]
 12%|#2        | 6/50 [00:25<03:04,  4.19s/it]
 14%|#4        | 7/50 [00:29<03:01,  4.23s/it]
 16%|#6        | 8/50 [00:34<02:59,  4.28s/it]
 18%|#8        | 9/50 [00:38<02:54,  4.25s/it]

Epoch 10/50

Accuracy             = 0.7000
F1-Score             = 0.6983
Precision            = 0.7121
Recall               = 0.7000
Average Loss         = 0.9185



 20%|##        | 10/50 [00:42<02:48,  4.22s/it]
 22%|##2       | 11/50 [00:46<02:45,  4.23s/it]
 24%|##4       | 12/50 [00:51<02:42,  4.27s/it]
 26%|##6       | 13/50 [00:55<02:34,  4.17s/it]
 28%|##8       | 14/50 [00:59<02:28,  4.13s/it]
 30%|###       | 15/50 [01:03<02:23,  4.10s/it]
 32%|###2      | 16/50 [01:07<02:19,  4.09s/it]
 34%|###4      | 17/50 [01:11<02:16,  4.13s/it]
 36%|###6      | 18/50 [01:16<02:16,  4.28s/it]
 38%|###8      | 19/50 [01:20<02:10,  4.21s/it]

Epoch 20/50

Accuracy             = 0.6813
F1-Score             = 0.6815
Precision            = 0.6844
Recall               = 0.6813
Average Loss         = 0.9247



 40%|####      | 20/50 [01:24<02:04,  4.16s/it]
 42%|####2     | 21/50 [01:28<01:58,  4.09s/it]
 44%|####4     | 22/50 [01:32<01:55,  4.12s/it]
 46%|####6     | 23/50 [01:36<01:51,  4.12s/it]
 48%|####8     | 24/50 [01:40<01:47,  4.15s/it]
 50%|#####     | 25/50 [01:44<01:42,  4.09s/it]
 52%|#####2    | 26/50 [01:48<01:39,  4.14s/it]
 54%|#####4    | 27/50 [01:52<01:33,  4.05s/it]
 56%|#####6    | 28/50 [01:56<01:30,  4.10s/it]
 58%|#####8    | 29/50 [02:01<01:26,  4.10s/it]

Epoch 30/50

Accuracy             = 0.7500
F1-Score             = 0.7438
Precision            = 0.7458
Recall               = 0.7500
Average Loss         = 0.7386



 60%|######    | 30/50 [02:05<01:22,  4.12s/it]
 62%|######2   | 31/50 [02:09<01:17,  4.09s/it]
 64%|######4   | 32/50 [02:13<01:13,  4.11s/it]
 66%|######6   | 33/50 [02:18<01:12,  4.29s/it]
 68%|######8   | 34/50 [02:22<01:09,  4.32s/it]
 70%|#######   | 35/50 [02:26<01:03,  4.22s/it]
 72%|#######2  | 36/50 [02:30<00:58,  4.18s/it]
 74%|#######4  | 37/50 [02:34<00:54,  4.18s/it]
 76%|#######6  | 38/50 [02:38<00:50,  4.17s/it]
 78%|#######8  | 39/50 [02:43<00:46,  4.19s/it]

Epoch 40/50

Accuracy             = 0.8000
F1-Score             = 0.7964
Precision            = 0.8039
Recall               = 0.8000
Average Loss         = 0.6963



 80%|########  | 40/50 [02:47<00:41,  4.19s/it]
 82%|########2 | 41/50 [02:51<00:36,  4.10s/it]
 84%|########4 | 42/50 [02:55<00:32,  4.03s/it]
 86%|########6 | 43/50 [02:59<00:28,  4.01s/it]
 88%|########8 | 44/50 [03:03<00:24,  4.09s/it]
 90%|######### | 45/50 [03:07<00:20,  4.08s/it]
 92%|#########2| 46/50 [03:11<00:16,  4.02s/it]
 94%|#########3| 47/50 [03:15<00:12,  4.07s/it]
 96%|#########6| 48/50 [03:19<00:08,  4.13s/it]
 98%|#########8| 49/50 [03:23<00:04,  4.15s/it]

Epoch 50/50

Accuracy             = 0.7375
F1-Score             = 0.7298
Precision            = 0.7346
Recall               = 0.7375
Average Loss         = 0.8536




Evaluating the model ...


  0%|          | 0/2 [00:00<?, ?it/s][A

 50%|#####     | 1/2 [00:07<00:07,  7.88s/it][A

100%|##########| 2/2 [00:08<00:00,  3.32s/it][A
100%|##########| 2/2 [00:08<00:00,  4.15s/it]


Time & Date = 11:00 PM , 09_Jun_2024

Total Time => 0 Hours : 0 Minutes : 9 Seconds



Epoch 50/50

Accuracy             = 0.6950
F1-Score             = 0.6937
Precision            = 0.7301
Recall               = 0.7066
Average Loss         = 0.9331




Final Evaluation
Saving Results ...
Results Saved



100%|##########| 50/50 [03:37<00:00,  6.88s/it]
100%|##########| 50/50 [03:37<00:00,  4.34s/it]


Time & Date = 11:00 PM , 09_Jun_2024

Total Time => 0 Hours : 3 Minutes : 37 Seconds


