

##############################################
PALM: Prompt Learning in Audio Language Models
##############################################




Model:    COOP
Dataset:  NS-Instruments
Seed:     1


Creating a 16-shot dataset ...


################## Dataset Information ##################
FewShot Dataset

Root: REDACTED/Audio-Datasets/NS-Instruments

Number of Classes: 10

Number of Shots: 16

Total Number of Samples: 160

Classnames: ['bass', 'brass', 'flute', 'guitar', 'keyboard', 'mallet', 'organ', 'reed', 'string', 'vocal']

Label to Classname: {0: 'bass', 1: 'brass', 2: 'flute', 3: 'guitar', 4: 'keyboard', 5: 'mallet', 6: 'organ', 7: 'reed', 8: 'string', 9: 'vocal'}

Classname to Label: {'bass': 0, 'brass': 1, 'flute': 2, 'guitar': 3, 'keyboard': 4, 'mallet': 5, 'organ': 6, 'reed': 7, 'string': 8, 'vocal': 9}
########################################################




################## Dataset Information ##################
FewShot Dataset

Root: REDACTED/Audio-Datasets/NS-Instruments

Number of Classes: 10

Number of Shots: -1

Total Number of Samples: 4096

Classnames: ['bass', 'brass', 'flute', 'guitar', 'keyboard', 'mallet', 'organ', 'reed', 'string', 'vocal']

Label to Classname: {0: 'bass', 1: 'brass', 2: 'flute', 3: 'guitar', 4: 'keyboard', 5: 'mallet', 6: 'organ', 7: 'reed', 8: 'string', 9: 'vocal'}

Classname to Label: {'bass': 0, 'brass': 1, 'flute': 2, 'guitar': 3, 'keyboard': 4, 'mallet': 5, 'organ': 6, 'reed': 7, 'string': 8, 'vocal': 9}
########################################################


REDACTED/.venvs/palm/lib/python3.8/site-packages/huggingface_hub/file_download.py:1132: FutureWarning: `resume_download` is deprecated and will be removed in version 1.0.0. Downloads always resume when possible. If you want to force a new download, use `force_download=True`.
  warnings.warn(
Initializing a Generic Context for Coop ...
args:  Namespace(batch_size=16, classnames=['bass', 'brass', 'flute', 'guitar', 'keyboard', 'mallet', 'organ', 'reed', 'string', 'vocal'], ctx_dim=512, dataset_root='REDACTED/Audio-Datasets/NS-Instruments', device=device(type='cuda'), do_logging=True, eval_only=False, exp_name='NS-Instruments', freq_test_model=10, json_file_path='logs/coop/NS-Instruments.json', log_dir='logs/coop', lr=0.05, model_name='coop', model_path='', n_ctx=16, n_epochs=50, num_shots=16, process_audio_fn=<bound method PengiWrapper.preprocess_audio of <pengi.wrapper.PengiWrapper object at 0x7fea2de65e80>>, prompt_prefix='The is a recording of ', repeat=False, resample=True, rho=0.3, save_model_path='REDACTED/Audio-Datasets/NS-Instruments', seed=1, spec_aug=False, start_epoch=0)

  0%|          | 0/50 [00:00<?, ?it/s]
  2%|2         | 1/50 [00:04<03:19,  4.06s/it]
  4%|4         | 2/50 [00:07<03:02,  3.81s/it]
  6%|6         | 3/50 [00:11<02:55,  3.73s/it]
  8%|8         | 4/50 [00:14<02:49,  3.68s/it]
 10%|#         | 5/50 [00:18<02:46,  3.69s/it]
 12%|#2        | 6/50 [00:22<02:42,  3.69s/it]
 14%|#4        | 7/50 [00:26<02:39,  3.71s/it]
 16%|#6        | 8/50 [00:29<02:34,  3.67s/it]
 18%|#8        | 9/50 [00:33<02:30,  3.67s/it]

Epoch 10/50

Accuracy             = 0.6250
F1-Score             = 0.6163
Precision            = 0.6306
Recall               = 0.6250
Average Loss         = 1.2677



 20%|##        | 10/50 [00:36<02:26,  3.67s/it]
 22%|##2       | 11/50 [00:40<02:23,  3.67s/it]
 24%|##4       | 12/50 [00:44<02:19,  3.67s/it]
 26%|##6       | 13/50 [00:48<02:17,  3.70s/it]
 28%|##8       | 14/50 [00:51<02:13,  3.70s/it]
 30%|###       | 15/50 [00:55<02:09,  3.71s/it]
 32%|###2      | 16/50 [00:59<02:05,  3.68s/it]
 34%|###4      | 17/50 [01:02<02:01,  3.67s/it]
 36%|###6      | 18/50 [01:06<01:57,  3.67s/it]
 38%|###8      | 19/50 [01:10<01:53,  3.66s/it]

Epoch 20/50

Accuracy             = 0.7625
F1-Score             = 0.7596
Precision            = 0.7654
Recall               = 0.7625
Average Loss         = 0.8459



 40%|####      | 20/50 [01:13<01:49,  3.65s/it]
 42%|####2     | 21/50 [01:17<01:45,  3.65s/it]
 44%|####4     | 22/50 [01:21<01:42,  3.65s/it]
 46%|####6     | 23/50 [01:24<01:38,  3.66s/it]
 48%|####8     | 24/50 [01:28<01:35,  3.65s/it]
 50%|#####     | 25/50 [01:32<01:32,  3.70s/it]
 52%|#####2    | 26/50 [01:35<01:28,  3.67s/it]
 54%|#####4    | 27/50 [01:39<01:26,  3.76s/it]
 56%|#####6    | 28/50 [01:43<01:21,  3.72s/it]
 58%|#####8    | 29/50 [01:47<01:17,  3.70s/it]

Epoch 30/50

Accuracy             = 0.7375
F1-Score             = 0.7355
Precision            = 0.7381
Recall               = 0.7375
Average Loss         = 0.6937



 60%|######    | 30/50 [01:50<01:13,  3.69s/it]
 62%|######2   | 31/50 [01:54<01:10,  3.68s/it]
 64%|######4   | 32/50 [01:58<01:06,  3.69s/it]
 66%|######6   | 33/50 [02:01<01:03,  3.71s/it]
 68%|######8   | 34/50 [02:05<00:58,  3.69s/it]
 70%|#######   | 35/50 [02:09<00:55,  3.69s/it]
 72%|#######2  | 36/50 [02:12<00:51,  3.68s/it]
 74%|#######4  | 37/50 [02:16<00:47,  3.66s/it]
 76%|#######6  | 38/50 [02:20<00:43,  3.64s/it]
 78%|#######8  | 39/50 [02:23<00:39,  3.64s/it]

Epoch 40/50

Accuracy             = 0.8000
F1-Score             = 0.7970
Precision            = 0.8217
Recall               = 0.8000
Average Loss         = 0.5742



 80%|########  | 40/50 [02:27<00:37,  3.73s/it]
 82%|########2 | 41/50 [02:31<00:33,  3.72s/it]
 84%|########4 | 42/50 [02:34<00:29,  3.72s/it]
 86%|########6 | 43/50 [02:38<00:25,  3.69s/it]
 88%|########8 | 44/50 [02:42<00:22,  3.67s/it]
 90%|######### | 45/50 [02:45<00:18,  3.67s/it]
 92%|#########2| 46/50 [02:49<00:14,  3.65s/it]
 94%|#########3| 47/50 [02:53<00:10,  3.64s/it]
 96%|#########6| 48/50 [02:56<00:07,  3.63s/it]
 98%|#########8| 49/50 [03:00<00:03,  3.65s/it]

Epoch 50/50

Accuracy             = 0.8375
F1-Score             = 0.8348
Precision            = 0.8418
Recall               = 0.8375
Average Loss         = 0.4917




Evaluating the model ...


  0%|          | 0/32 [00:00<?, ?it/s][A

  3%|3         | 1/32 [00:06<03:07,  6.04s/it][A

  6%|6         | 2/32 [00:06<01:17,  2.59s/it][A

  9%|9         | 3/32 [00:06<00:43,  1.51s/it][A

 12%|#2        | 4/32 [00:06<00:27,  1.01it/s][A

 16%|#5        | 5/32 [00:11<01:05,  2.42s/it][A

 19%|#8        | 6/32 [00:11<00:43,  1.68s/it][A

 22%|##1       | 7/32 [00:12<00:30,  1.20s/it][A

 25%|##5       | 8/32 [00:12<00:20,  1.14it/s][A

 28%|##8       | 9/32 [00:17<00:48,  2.12s/it][A

 31%|###1      | 10/32 [00:19<00:49,  2.26s/it][A

 34%|###4      | 11/32 [00:19<00:34,  1.64s/it][A

 38%|###7      | 12/32 [00:20<00:23,  1.19s/it][A

 41%|####      | 13/32 [00:22<00:30,  1.59s/it][A

 44%|####3     | 14/32 [00:25<00:36,  2.03s/it][A

 47%|####6     | 15/32 [00:25<00:25,  1.49s/it][A

 50%|#####     | 16/32 [00:26<00:17,  1.09s/it][A

 53%|#####3    | 17/32 [00:28<00:21,  1.42s/it][A

 56%|#####6    | 18/32 [00:31<00:26,  1.90s/it][A

 59%|#####9    | 19/32 [00:31<00:18,  1.40s/it][A

 62%|######2   | 20/32 [00:31<00:12,  1.03s/it][A

 66%|######5   | 21/32 [00:33<00:15,  1.37s/it][A

 69%|######8   | 22/32 [00:36<00:18,  1.87s/it][A

 72%|#######1  | 23/32 [00:37<00:12,  1.38s/it][A

 75%|#######5  | 24/32 [00:37<00:08,  1.02s/it][A

 78%|#######8  | 25/32 [00:39<00:09,  1.42s/it][A

 81%|########1 | 26/32 [00:42<00:10,  1.82s/it][A

 84%|########4 | 27/32 [00:42<00:06,  1.35s/it][A

 88%|########7 | 28/32 [00:42<00:03,  1.00it/s][A

 91%|######### | 29/32 [00:45<00:04,  1.42s/it][A

 94%|#########3| 30/32 [00:47<00:03,  1.78s/it][A

 97%|#########6| 31/32 [00:48<00:01,  1.32s/it][A

100%|##########| 32/32 [00:48<00:00,  1.03it/s][A
100%|##########| 32/32 [00:48<00:00,  1.51s/it]


Time & Date = 11:38 PM , 09_Jun_2024

Total Time => 0 Hours : 0 Minutes : 49 Seconds



Epoch 50/50

Accuracy             = 0.5562
F1-Score             = 0.5593
Precision            = 0.5862
Recall               = 0.5856
Average Loss         = 1.7017




Final Evaluation
Saving Results ...
Results Saved



100%|##########| 50/50 [03:53<00:00, 18.39s/it]
100%|##########| 50/50 [03:53<00:00,  4.66s/it]


Time & Date = 11:38 PM , 09_Jun_2024

Total Time => 0 Hours : 3 Minutes : 53 Seconds


