

##############################################
PALM: Prompt Learning in Audio Language Models
##############################################




Model:    COOP
Dataset:  NS-Instruments
Seed:     2


Creating a 16-shot dataset ...


################## Dataset Information ##################
FewShot Dataset

Root: REDACTED/Audio-Datasets/NS-Instruments

Number of Classes: 10

Number of Shots: 16

Total Number of Samples: 160

Classnames: ['bass', 'brass', 'flute', 'guitar', 'keyboard', 'mallet', 'organ', 'reed', 'string', 'vocal']

Label to Classname: {0: 'bass', 1: 'brass', 2: 'flute', 3: 'guitar', 4: 'keyboard', 5: 'mallet', 6: 'organ', 7: 'reed', 8: 'string', 9: 'vocal'}

Classname to Label: {'bass': 0, 'brass': 1, 'flute': 2, 'guitar': 3, 'keyboard': 4, 'mallet': 5, 'organ': 6, 'reed': 7, 'string': 8, 'vocal': 9}
########################################################




################## Dataset Information ##################
FewShot Dataset

Root: REDACTED/Audio-Datasets/NS-Instruments

Number of Classes: 10

Number of Shots: -1

Total Number of Samples: 4096

Classnames: ['bass', 'brass', 'flute', 'guitar', 'keyboard', 'mallet', 'organ', 'reed', 'string', 'vocal']

Label to Classname: {0: 'bass', 1: 'brass', 2: 'flute', 3: 'guitar', 4: 'keyboard', 5: 'mallet', 6: 'organ', 7: 'reed', 8: 'string', 9: 'vocal'}

Classname to Label: {'bass': 0, 'brass': 1, 'flute': 2, 'guitar': 3, 'keyboard': 4, 'mallet': 5, 'organ': 6, 'reed': 7, 'string': 8, 'vocal': 9}
########################################################


REDACTED/.venvs/palm/lib/python3.8/site-packages/huggingface_hub/file_download.py:1132: FutureWarning: `resume_download` is deprecated and will be removed in version 1.0.0. Downloads always resume when possible. If you want to force a new download, use `force_download=True`.
  warnings.warn(
Initializing a Generic Context for Coop ...
args:  Namespace(batch_size=16, classnames=['bass', 'brass', 'flute', 'guitar', 'keyboard', 'mallet', 'organ', 'reed', 'string', 'vocal'], ctx_dim=512, dataset_root='REDACTED/Audio-Datasets/NS-Instruments', device=device(type='cuda'), do_logging=True, eval_only=False, exp_name='NS-Instruments', freq_test_model=10, json_file_path='logs/coop/NS-Instruments.json', log_dir='logs/coop', lr=0.05, model_name='coop', model_path='', n_ctx=16, n_epochs=50, num_shots=16, process_audio_fn=<bound method PengiWrapper.preprocess_audio of <pengi.wrapper.PengiWrapper object at 0x7f854ec38e80>>, prompt_prefix='The is a recording of ', repeat=False, resample=True, rho=0.3, save_model_path='REDACTED/Audio-Datasets/NS-Instruments', seed=2, spec_aug=False, start_epoch=0)

  0%|          | 0/50 [00:00<?, ?it/s]
  2%|2         | 1/50 [00:04<03:27,  4.24s/it]
  4%|4         | 2/50 [00:07<03:08,  3.93s/it]
  6%|6         | 3/50 [00:11<03:05,  3.96s/it]
  8%|8         | 4/50 [00:15<02:58,  3.89s/it]
 10%|#         | 5/50 [00:19<02:53,  3.86s/it]
 12%|#2        | 6/50 [00:23<02:47,  3.81s/it]
 14%|#4        | 7/50 [00:26<02:42,  3.78s/it]
 16%|#6        | 8/50 [00:30<02:38,  3.78s/it]
 18%|#8        | 9/50 [00:34<02:36,  3.81s/it]

Epoch 10/50

Accuracy             = 0.6500
F1-Score             = 0.6420
Precision            = 0.6519
Recall               = 0.6500
Average Loss         = 1.0248



 20%|##        | 10/50 [00:38<02:31,  3.78s/it]
 22%|##2       | 11/50 [00:42<02:27,  3.78s/it]
 24%|##4       | 12/50 [00:45<02:23,  3.77s/it]
 26%|##6       | 13/50 [00:49<02:19,  3.77s/it]
 28%|##8       | 14/50 [00:53<02:15,  3.76s/it]
 30%|###       | 15/50 [00:57<02:11,  3.76s/it]
 32%|###2      | 16/50 [01:00<02:08,  3.77s/it]
 34%|###4      | 17/50 [01:04<02:04,  3.76s/it]
 36%|###6      | 18/50 [01:08<02:00,  3.75s/it]
 38%|###8      | 19/50 [01:12<01:56,  3.75s/it]

Epoch 20/50

Accuracy             = 0.6813
F1-Score             = 0.6786
Precision            = 0.6901
Recall               = 0.6813
Average Loss         = 0.7982



 40%|####      | 20/50 [01:15<01:52,  3.75s/it]
 42%|####2     | 21/50 [01:19<01:49,  3.76s/it]
 44%|####4     | 22/50 [01:23<01:44,  3.75s/it]
 46%|####6     | 23/50 [01:27<01:41,  3.76s/it]
 48%|####8     | 24/50 [01:30<01:38,  3.77s/it]
 50%|#####     | 25/50 [01:34<01:33,  3.76s/it]
 52%|#####2    | 26/50 [01:38<01:30,  3.76s/it]
 54%|#####4    | 27/50 [01:42<01:30,  3.92s/it]
 56%|#####6    | 28/50 [01:46<01:24,  3.86s/it]
 58%|#####8    | 29/50 [01:50<01:20,  3.86s/it]

Epoch 30/50

Accuracy             = 0.8000
F1-Score             = 0.7995
Precision            = 0.8042
Recall               = 0.8000
Average Loss         = 0.5845



 60%|######    | 30/50 [01:54<01:16,  3.85s/it]
 62%|######2   | 31/50 [01:57<01:12,  3.82s/it]
 64%|######4   | 32/50 [02:01<01:08,  3.81s/it]
 66%|######6   | 33/50 [02:05<01:04,  3.80s/it]
 68%|######8   | 34/50 [02:09<01:00,  3.78s/it]
 70%|#######   | 35/50 [02:12<00:56,  3.77s/it]
 72%|#######2  | 36/50 [02:16<00:52,  3.75s/it]
 74%|#######4  | 37/50 [02:20<00:49,  3.81s/it]
 76%|#######6  | 38/50 [02:24<00:45,  3.79s/it]
 78%|#######8  | 39/50 [02:28<00:41,  3.77s/it]

Epoch 40/50

Accuracy             = 0.7688
F1-Score             = 0.7655
Precision            = 0.7820
Recall               = 0.7688
Average Loss         = 0.5752



 80%|########  | 40/50 [02:31<00:38,  3.80s/it]
 82%|########2 | 41/50 [02:35<00:34,  3.82s/it]
 84%|########4 | 42/50 [02:39<00:30,  3.84s/it]
 86%|########6 | 43/50 [02:43<00:27,  3.87s/it]
 88%|########8 | 44/50 [02:47<00:23,  3.90s/it]
 90%|######### | 45/50 [02:51<00:19,  3.86s/it]
 92%|#########2| 46/50 [02:55<00:15,  3.86s/it]
 94%|#########3| 47/50 [02:59<00:11,  3.86s/it]
 96%|#########6| 48/50 [03:02<00:07,  3.81s/it]
 98%|#########8| 49/50 [03:06<00:03,  3.78s/it]

Epoch 50/50

Accuracy             = 0.7688
F1-Score             = 0.7672
Precision            = 0.7753
Recall               = 0.7688
Average Loss         = 0.5984




Evaluating the model ...


  0%|          | 0/32 [00:00<?, ?it/s][A

  3%|3         | 1/32 [00:05<03:01,  5.86s/it][A

  6%|6         | 2/32 [00:06<01:17,  2.58s/it][A

  9%|9         | 3/32 [00:06<00:43,  1.51s/it][A

 12%|#2        | 4/32 [00:06<00:27,  1.02it/s][A

 16%|#5        | 5/32 [00:11<01:04,  2.39s/it][A

 19%|#8        | 6/32 [00:12<00:46,  1.80s/it][A

 22%|##1       | 7/32 [00:12<00:32,  1.29s/it][A

 25%|##5       | 8/32 [00:12<00:22,  1.07it/s][A

 28%|##8       | 9/32 [00:17<00:48,  2.10s/it][A

 31%|###1      | 10/32 [00:17<00:36,  1.65s/it][A

 34%|###4      | 11/32 [00:18<00:25,  1.22s/it][A

 38%|###7      | 12/32 [00:18<00:17,  1.11it/s][A

 41%|####      | 13/32 [00:23<00:39,  2.09s/it][A

 44%|####3     | 14/32 [00:23<00:30,  1.69s/it][A

 47%|####6     | 15/32 [00:24<00:21,  1.25s/it][A

 50%|#####     | 16/32 [00:24<00:14,  1.08it/s][A

 53%|#####3    | 17/32 [00:28<00:30,  2.05s/it][A

 56%|#####6    | 18/32 [00:29<00:24,  1.73s/it][A

 59%|#####9    | 19/32 [00:30<00:16,  1.28s/it][A

 62%|######2   | 20/32 [00:30<00:11,  1.05it/s][A

 66%|######5   | 21/32 [00:34<00:20,  1.89s/it][A

 69%|######8   | 22/32 [00:35<00:16,  1.64s/it][A

 72%|#######1  | 23/32 [00:35<00:10,  1.22s/it][A

 75%|#######5  | 24/32 [00:35<00:07,  1.10it/s][A

 78%|#######8  | 25/32 [00:39<00:12,  1.81s/it][A

 81%|########1 | 26/32 [00:41<00:10,  1.68s/it][A

 84%|########4 | 27/32 [00:41<00:06,  1.24s/it][A

 88%|########7 | 28/32 [00:41<00:03,  1.09it/s][A

 91%|######### | 29/32 [00:45<00:05,  1.78s/it][A

 94%|#########3| 30/32 [00:46<00:03,  1.67s/it][A

 97%|#########6| 31/32 [00:46<00:01,  1.23s/it][A

100%|##########| 32/32 [00:47<00:00,  1.10it/s][A
100%|##########| 32/32 [00:47<00:00,  1.48s/it]


Time & Date = 11:42 PM , 09_Jun_2024

Total Time => 0 Hours : 0 Minutes : 48 Seconds



Epoch 50/50

Accuracy             = 0.6177
F1-Score             = 0.6153
Precision            = 0.6119
Recall               = 0.6627
Average Loss         = 1.3542




Final Evaluation
Saving Results ...
Results Saved



100%|##########| 50/50 [03:58<00:00, 18.22s/it]
100%|##########| 50/50 [03:58<00:00,  4.77s/it]


Time & Date = 11:42 PM , 09_Jun_2024

Total Time => 0 Hours : 3 Minutes : 58 Seconds


