

##############################################
PALM: Prompt Learning in Audio Language Models
##############################################




Model:    COOP
Dataset:  RAVDESS
Seed:     1


Creating a 16-shot dataset ...


################## Dataset Information ##################
FewShot Dataset

Root: REDACTED/Audio-Datasets/RAVDESS

Number of Classes: 8

Number of Shots: 16

Total Number of Samples: 128

Classnames: ['angry', 'calm', 'disgust', 'fearful', 'happy', 'neutral', 'sad', 'surprised']

Label to Classname: {0: 'angry', 1: 'calm', 2: 'disgust', 3: 'fearful', 4: 'happy', 5: 'neutral', 6: 'sad', 7: 'surprised'}

Classname to Label: {'angry': 0, 'calm': 1, 'disgust': 2, 'fearful': 3, 'happy': 4, 'neutral': 5, 'sad': 6, 'surprised': 7}
########################################################




################## Dataset Information ##################
FewShot Dataset

Root: REDACTED/Audio-Datasets/RAVDESS

Number of Classes: 8

Number of Shots: -1

Total Number of Samples: 491

Classnames: ['angry', 'calm', 'disgust', 'fearful', 'happy', 'neutral', 'sad', 'surprised']

Label to Classname: {0: 'angry', 1: 'calm', 2: 'disgust', 3: 'fearful', 4: 'happy', 5: 'neutral', 6: 'sad', 7: 'surprised'}

Classname to Label: {'angry': 0, 'calm': 1, 'disgust': 2, 'fearful': 3, 'happy': 4, 'neutral': 5, 'sad': 6, 'surprised': 7}
########################################################


REDACTED/.venvs/palm/lib/python3.8/site-packages/huggingface_hub/file_download.py:1132: FutureWarning: `resume_download` is deprecated and will be removed in version 1.0.0. Downloads always resume when possible. If you want to force a new download, use `force_download=True`.
  warnings.warn(
Initializing a Generic Context for Coop ...
args:  Namespace(batch_size=16, classnames=['angry', 'calm', 'disgust', 'fearful', 'happy', 'neutral', 'sad', 'surprised'], ctx_dim=512, dataset_root='REDACTED/Audio-Datasets/RAVDESS', device=device(type='cuda'), do_logging=True, eval_only=False, exp_name='RAVDESS', freq_test_model=10, json_file_path='logs/coop/RAVDESS.json', log_dir='logs/coop', lr=0.05, model_name='coop', model_path='', n_ctx=16, n_epochs=50, num_shots=16, process_audio_fn=<bound method PengiWrapper.preprocess_audio of <pengi.wrapper.PengiWrapper object at 0x7fbcdd9dce50>>, prompt_prefix='The is a recording of ', repeat=False, resample=True, rho=0.3, save_model_path='REDACTED/Audio-Datasets/RAVDESS', seed=1, spec_aug=False, start_epoch=0)

  0%|          | 0/50 [00:00<?, ?it/s]
  2%|2         | 1/50 [00:03<02:33,  3.12s/it]
  4%|4         | 2/50 [00:06<02:27,  3.08s/it]
  6%|6         | 3/50 [00:09<02:22,  3.03s/it]
  8%|8         | 4/50 [00:12<02:19,  3.03s/it]
 10%|#         | 5/50 [00:15<02:16,  3.04s/it]
 12%|#2        | 6/50 [00:18<02:14,  3.06s/it]
 14%|#4        | 7/50 [00:21<02:12,  3.08s/it]
 16%|#6        | 8/50 [00:24<02:08,  3.07s/it]
 18%|#8        | 9/50 [00:27<02:06,  3.09s/it]REDACTED/.venvs/palm/lib/python3.8/site-packages/sklearn/metrics/_classification.py:1344: UndefinedMetricWarning: Precision and F-score are ill-defined and being set to 0.0 in labels with no predicted samples. Use `zero_division` parameter to control this behavior.
  _warn_prf(average, modifier, msg_start, len(result))
REDACTED/.venvs/palm/lib/python3.8/site-packages/sklearn/metrics/_classification.py:1344: UndefinedMetricWarning: Precision and F-score are ill-defined and being set to 0.0 in labels with no predicted samples. Use `zero_division` parameter to control this behavior.
  _warn_prf(average, modifier, msg_start, len(result))
REDACTED/.venvs/palm/lib/python3.8/site-packages/sklearn/metrics/_classification.py:1344: UndefinedMetricWarning: Precision and F-score are ill-defined and being set to 0.0 in labels with no predicted samples. Use `zero_division` parameter to control this behavior.
  _warn_prf(average, modifier, msg_start, len(result))


Epoch 10/50

Accuracy             = 0.1094
F1-Score             = 0.1088
Precision            = 0.1169
Recall               = 0.1094
Average Loss         = 2.0890



 20%|##        | 10/50 [00:30<02:02,  3.06s/it]
 22%|##2       | 11/50 [00:33<01:58,  3.03s/it]
 24%|##4       | 12/50 [00:36<01:54,  3.01s/it]
 26%|##6       | 13/50 [00:39<01:51,  3.02s/it]
 28%|##8       | 14/50 [00:42<01:48,  3.03s/it]
 30%|###       | 15/50 [00:45<01:47,  3.08s/it]
 32%|###2      | 16/50 [00:48<01:45,  3.09s/it]
 34%|###4      | 17/50 [00:52<01:41,  3.08s/it]
 36%|###6      | 18/50 [00:55<01:38,  3.07s/it]
 38%|###8      | 19/50 [00:57<01:34,  3.03s/it]REDACTED/.venvs/palm/lib/python3.8/site-packages/sklearn/metrics/_classification.py:1344: UndefinedMetricWarning: Precision and F-score are ill-defined and being set to 0.0 in labels with no predicted samples. Use `zero_division` parameter to control this behavior.
  _warn_prf(average, modifier, msg_start, len(result))
REDACTED/.venvs/palm/lib/python3.8/site-packages/sklearn/metrics/_classification.py:1344: UndefinedMetricWarning: Precision and F-score are ill-defined and being set to 0.0 in labels with no predicted samples. Use `zero_division` parameter to control this behavior.
  _warn_prf(average, modifier, msg_start, len(result))
REDACTED/.venvs/palm/lib/python3.8/site-packages/sklearn/metrics/_classification.py:1344: UndefinedMetricWarning: Precision and F-score are ill-defined and being set to 0.0 in labels with no predicted samples. Use `zero_division` parameter to control this behavior.
  _warn_prf(average, modifier, msg_start, len(result))


Epoch 20/50

Accuracy             = 0.2109
F1-Score             = 0.1757
Precision            = 0.1676
Recall               = 0.2109
Average Loss         = 2.0131



 40%|####      | 20/50 [01:00<01:30,  3.01s/it]
 42%|####2     | 21/50 [01:03<01:27,  3.02s/it]
 44%|####4     | 22/50 [01:07<01:24,  3.03s/it]
 46%|####6     | 23/50 [01:09<01:21,  3.00s/it]
 48%|####8     | 24/50 [01:13<01:19,  3.06s/it]
 50%|#####     | 25/50 [01:16<01:15,  3.03s/it]
 52%|#####2    | 26/50 [01:19<01:12,  3.02s/it]
 54%|#####4    | 27/50 [01:22<01:09,  3.00s/it]
 56%|#####6    | 28/50 [01:25<01:05,  2.99s/it]
 58%|#####8    | 29/50 [01:28<01:03,  3.00s/it]

Epoch 30/50

Accuracy             = 0.1719
F1-Score             = 0.1560
Precision            = 0.2661
Recall               = 0.1719
Average Loss         = 2.0520



 60%|######    | 30/50 [01:31<00:59,  2.98s/it]
 62%|######2   | 31/50 [01:33<00:55,  2.91s/it]
 64%|######4   | 32/50 [01:36<00:52,  2.91s/it]
 66%|######6   | 33/50 [01:39<00:49,  2.94s/it]
 68%|######8   | 34/50 [01:42<00:46,  2.93s/it]
 70%|#######   | 35/50 [01:45<00:44,  2.94s/it]
 72%|#######2  | 36/50 [01:48<00:41,  2.97s/it]
 74%|#######4  | 37/50 [01:51<00:39,  3.01s/it]
 76%|#######6  | 38/50 [01:54<00:35,  2.98s/it]
 78%|#######8  | 39/50 [01:57<00:33,  3.02s/it]

Epoch 40/50

Accuracy             = 0.2656
F1-Score             = 0.2648
Precision            = 0.3554
Recall               = 0.2656
Average Loss         = 1.9686



 80%|########  | 40/50 [02:00<00:30,  3.05s/it]
 82%|########2 | 41/50 [02:03<00:27,  3.02s/it]
 84%|########4 | 42/50 [02:06<00:24,  3.03s/it]
 86%|########6 | 43/50 [02:09<00:21,  3.05s/it]
 88%|########8 | 44/50 [02:12<00:18,  3.04s/it]
 90%|######### | 45/50 [02:16<00:15,  3.09s/it]
 92%|#########2| 46/50 [02:19<00:12,  3.09s/it]
 94%|#########3| 47/50 [02:22<00:09,  3.09s/it]
 96%|#########6| 48/50 [02:25<00:06,  3.10s/it]
 98%|#########8| 49/50 [02:28<00:03,  3.05s/it]

Epoch 50/50

Accuracy             = 0.2734
F1-Score             = 0.2485
Precision            = 0.3034
Recall               = 0.2734
Average Loss         = 1.9436




Evaluating the model ...


  0%|          | 0/4 [00:00<?, ?it/s][A

 25%|##5       | 1/4 [00:03<00:10,  3.61s/it][A

 50%|#####     | 2/4 [00:03<00:03,  1.59s/it][A

 75%|#######5  | 3/4 [00:04<00:00,  1.02it/s][A

100%|##########| 4/4 [00:04<00:00,  1.52it/s][A
100%|##########| 4/4 [00:04<00:00,  1.11s/it]


Time & Date = 11:53 PM , 09_Jun_2024

Total Time => 0 Hours : 0 Minutes : 5 Seconds



Epoch 50/50

Accuracy             = 0.2688
F1-Score             = 0.2385
Precision            = 0.2657
Recall               = 0.2744
Average Loss         = 1.9451




Final Evaluation
Saving Results ...
Results Saved



100%|##########| 50/50 [02:36<00:00,  4.60s/it]
100%|##########| 50/50 [02:36<00:00,  3.13s/it]


Time & Date = 11:53 PM , 09_Jun_2024

Total Time => 0 Hours : 2 Minutes : 36 Seconds


