

##############################################
PALM: Prompt Learning in Audio Language Models
##############################################


Time & Date = 09:16 PM , 10_Jun_2024  GST



Model:    COOP
Dataset:  SESA
Seed:     2


Creating a 16-shot dataset ...


################## Dataset Information ##################
FewShot Dataset

Root: REDACTED/Audio-Datasets/SESA

Number of Classes: 4

Number of Shots: 16

Total Number of Samples: 64

Classnames: ['casual', 'explosion', 'gunshot', 'siren']

Label to Classname: {0: 'casual', 1: 'explosion', 2: 'gunshot', 3: 'siren'}

Classname to Label: {'casual': 0, 'explosion': 1, 'gunshot': 2, 'siren': 3}
########################################################




################## Dataset Information ##################
FewShot Dataset

Root: REDACTED/Audio-Datasets/SESA

Number of Classes: 4

Number of Shots: -1

Total Number of Samples: 105

Classnames: ['casual', 'explosion', 'gunshot', 'siren']

Label to Classname: {0: 'casual', 1: 'explosion', 2: 'gunshot', 3: 'siren'}

Classname to Label: {'casual': 0, 'explosion': 1, 'gunshot': 2, 'siren': 3}
########################################################


REDACTED/.venvs/palm/lib/python3.8/site-packages/huggingface_hub/file_download.py:1132: FutureWarning: `resume_download` is deprecated and will be removed in version 1.0.0. Downloads always resume when possible. If you want to force a new download, use `force_download=True`.
  warnings.warn(
Initializing a Generic Context for Coop ...
args:  Namespace(batch_size=16, classnames=['casual', 'explosion', 'gunshot', 'siren'], ctx_dim=512, dataset_root='REDACTED/Audio-Datasets/SESA', device=device(type='cuda'), do_logging=True, eval_only=False, exp_name='SESA', freq_test_model=10, json_file_path='logs/coop/SESA.json', log_dir='logs/coop', lr=0.05, model_name='coop', model_path='', n_ctx=16, n_epochs=50, num_shots=16, process_audio_fn=<bound method PengiWrapper.preprocess_audio of <pengi.wrapper.PengiWrapper object at 0x7f38881a8160>>, prompt_prefix='The is a recording of ', repeat=False, resample=True, save_model_path='REDACTED/Audio-Datasets/SESA', seed=2, spec_aug=False, start_epoch=0)

  0%|          | 0/50 [00:00<?, ?it/s]
  2%|2         | 1/50 [00:02<02:06,  2.58s/it]
  4%|4         | 2/50 [00:05<02:04,  2.60s/it]
  6%|6         | 3/50 [00:07<01:58,  2.53s/it]
  8%|8         | 4/50 [00:10<01:54,  2.49s/it]
 10%|#         | 5/50 [00:12<01:52,  2.49s/it]
 12%|#2        | 6/50 [00:15<01:49,  2.48s/it]
 14%|#4        | 7/50 [00:17<01:46,  2.47s/it]
 16%|#6        | 8/50 [00:20<01:45,  2.51s/it]
 18%|#8        | 9/50 [00:22<01:43,  2.53s/it]

Epoch 10/50

Accuracy             = 0.8750
F1-Score             = 0.8736
Precision            = 0.8853
Recall               = 0.8750
Average Loss         = 0.4342



 20%|##        | 10/50 [00:25<01:44,  2.61s/it]
 22%|##2       | 11/50 [00:27<01:39,  2.56s/it]
 24%|##4       | 12/50 [00:30<01:38,  2.58s/it]
 26%|##6       | 13/50 [00:33<01:34,  2.57s/it]
 28%|##8       | 14/50 [00:35<01:31,  2.55s/it]
 30%|###       | 15/50 [00:38<01:29,  2.55s/it]
 32%|###2      | 16/50 [00:40<01:25,  2.51s/it]
 34%|###4      | 17/50 [00:43<01:22,  2.51s/it]
 36%|###6      | 18/50 [00:45<01:19,  2.49s/it]
 38%|###8      | 19/50 [00:47<01:17,  2.49s/it]

Epoch 20/50

Accuracy             = 0.9062
F1-Score             = 0.9059
Precision            = 0.9127
Recall               = 0.9062
Average Loss         = 0.2636



 40%|####      | 20/50 [00:50<01:14,  2.48s/it]
 42%|####2     | 21/50 [00:52<01:12,  2.50s/it]
 44%|####4     | 22/50 [00:55<01:10,  2.53s/it]
 46%|####6     | 23/50 [00:58<01:08,  2.54s/it]
 48%|####8     | 24/50 [01:00<01:08,  2.62s/it]
 50%|#####     | 25/50 [01:03<01:04,  2.59s/it]
 52%|#####2    | 26/50 [01:05<01:01,  2.57s/it]
 54%|#####4    | 27/50 [01:08<00:58,  2.55s/it]
 56%|#####6    | 28/50 [01:11<00:56,  2.56s/it]
 58%|#####8    | 29/50 [01:13<00:53,  2.56s/it]

Epoch 30/50

Accuracy             = 0.9062
F1-Score             = 0.9072
Precision            = 0.9090
Recall               = 0.9062
Average Loss         = 0.2198



 60%|######    | 30/50 [01:16<00:51,  2.55s/it]
 62%|######2   | 31/50 [01:18<00:48,  2.55s/it]
 64%|######4   | 32/50 [01:21<00:47,  2.62s/it]
 66%|######6   | 33/50 [01:24<00:44,  2.61s/it]
 68%|######8   | 34/50 [01:26<00:41,  2.59s/it]
 70%|#######   | 35/50 [01:29<00:38,  2.60s/it]
 72%|#######2  | 36/50 [01:31<00:36,  2.58s/it]
 74%|#######4  | 37/50 [01:34<00:33,  2.54s/it]
 76%|#######6  | 38/50 [01:36<00:30,  2.51s/it]
 78%|#######8  | 39/50 [01:39<00:27,  2.53s/it]

Epoch 40/50

Accuracy             = 0.9531
F1-Score             = 0.9536
Precision            = 0.9550
Recall               = 0.9531
Average Loss         = 0.1247



 80%|########  | 40/50 [01:41<00:25,  2.53s/it]
 82%|########2 | 41/50 [01:44<00:22,  2.55s/it]
 84%|########4 | 42/50 [01:46<00:20,  2.55s/it]
 86%|########6 | 43/50 [01:49<00:17,  2.56s/it]
 88%|########8 | 44/50 [01:52<00:15,  2.57s/it]
 90%|######### | 45/50 [01:54<00:12,  2.56s/it]
 92%|#########2| 46/50 [01:57<00:10,  2.55s/it]
 94%|#########3| 47/50 [01:59<00:07,  2.56s/it]
 96%|#########6| 48/50 [02:02<00:05,  2.56s/it]
 98%|#########8| 49/50 [02:04<00:02,  2.58s/it]

Epoch 50/50

Accuracy             = 0.9531
F1-Score             = 0.9526
Precision            = 0.9530
Recall               = 0.9531
Average Loss         = 0.1203




Evaluating the model ...


  0%|          | 0/1 [00:00<?, ?it/s][A

100%|##########| 1/1 [00:04<00:00,  4.97s/it][A
100%|##########| 1/1 [00:05<00:00,  5.19s/it]


Time & Date = 09:19 PM , 10_Jun_2024  GST

Total Time => 0 Hours : 0 Minutes : 5 Seconds



Epoch 50/50

Accuracy             = 0.8762
F1-Score             = 0.8639
Precision            = 0.8650
Recall               = 0.8696
Average Loss         = 0.3420




Final Evaluation
Saving Results ...
Results Saved



100%|##########| 50/50 [02:13<00:00,  4.34s/it]
100%|##########| 50/50 [02:13<00:00,  2.67s/it]


Time & Date = 09:19 PM , 10_Jun_2024  GST

Total Time => 0 Hours : 2 Minutes : 13 Seconds


