

##############################################
PALM: Prompt Learning in Audio Language Models
##############################################


Time & Date = 09:11 PM , 10_Jun_2024  GST



Model:    COOP
Dataset:  SESA
Seed:     0


Creating a 16-shot dataset ...


################## Dataset Information ##################
FewShot Dataset

Root: REDACTED/Audio-Datasets/SESA

Number of Classes: 4

Number of Shots: 16

Total Number of Samples: 64

Classnames: ['casual', 'explosion', 'gunshot', 'siren']

Label to Classname: {0: 'casual', 1: 'explosion', 2: 'gunshot', 3: 'siren'}

Classname to Label: {'casual': 0, 'explosion': 1, 'gunshot': 2, 'siren': 3}
########################################################




################## Dataset Information ##################
FewShot Dataset

Root: REDACTED/Audio-Datasets/SESA

Number of Classes: 4

Number of Shots: -1

Total Number of Samples: 105

Classnames: ['casual', 'explosion', 'gunshot', 'siren']

Label to Classname: {0: 'casual', 1: 'explosion', 2: 'gunshot', 3: 'siren'}

Classname to Label: {'casual': 0, 'explosion': 1, 'gunshot': 2, 'siren': 3}
########################################################


REDACTED/.venvs/palm/lib/python3.8/site-packages/huggingface_hub/file_download.py:1132: FutureWarning: `resume_download` is deprecated and will be removed in version 1.0.0. Downloads always resume when possible. If you want to force a new download, use `force_download=True`.
  warnings.warn(
Initializing a Generic Context for Coop ...
args:  Namespace(batch_size=16, classnames=['casual', 'explosion', 'gunshot', 'siren'], ctx_dim=512, dataset_root='REDACTED/Audio-Datasets/SESA', device=device(type='cuda'), do_logging=True, eval_only=False, exp_name='SESA', freq_test_model=10, json_file_path='logs/coop/SESA.json', log_dir='logs/coop', lr=0.05, model_name='coop', model_path='', n_ctx=16, n_epochs=50, num_shots=16, process_audio_fn=<bound method PengiWrapper.preprocess_audio of <pengi.wrapper.PengiWrapper object at 0x7f7cdb641160>>, prompt_prefix='The is a recording of ', repeat=False, resample=True, save_model_path='REDACTED/Audio-Datasets/SESA', seed=0, spec_aug=False, start_epoch=0)

  0%|          | 0/50 [00:00<?, ?it/s]
  2%|2         | 1/50 [00:02<02:09,  2.64s/it]
  4%|4         | 2/50 [00:04<01:58,  2.47s/it]
  6%|6         | 3/50 [00:07<01:51,  2.36s/it]
  8%|8         | 4/50 [00:09<01:45,  2.30s/it]
 10%|#         | 5/50 [00:11<01:43,  2.31s/it]
 12%|#2        | 6/50 [00:14<01:42,  2.34s/it]
 14%|#4        | 7/50 [00:16<01:39,  2.32s/it]
 16%|#6        | 8/50 [00:18<01:37,  2.32s/it]
 18%|#8        | 9/50 [00:21<01:35,  2.34s/it]

Epoch 10/50

Accuracy             = 0.8438
F1-Score             = 0.8381
Precision            = 0.8484
Recall               = 0.8438
Average Loss         = 0.5421



 20%|##        | 10/50 [00:23<01:32,  2.32s/it]
 22%|##2       | 11/50 [00:25<01:31,  2.34s/it]
 24%|##4       | 12/50 [00:28<01:28,  2.33s/it]
 26%|##6       | 13/50 [00:30<01:25,  2.30s/it]
 28%|##8       | 14/50 [00:32<01:23,  2.31s/it]
 30%|###       | 15/50 [00:35<01:21,  2.33s/it]
 32%|###2      | 16/50 [00:37<01:19,  2.35s/it]
 34%|###4      | 17/50 [00:39<01:17,  2.35s/it]
 36%|###6      | 18/50 [00:42<01:14,  2.32s/it]
 38%|###8      | 19/50 [00:44<01:12,  2.35s/it]

Epoch 20/50

Accuracy             = 0.9531
F1-Score             = 0.9526
Precision            = 0.9530
Recall               = 0.9531
Average Loss         = 0.2836



 40%|####      | 20/50 [00:46<01:10,  2.34s/it]
 42%|####2     | 21/50 [00:49<01:08,  2.37s/it]
 44%|####4     | 22/50 [00:51<01:06,  2.36s/it]
 46%|####6     | 23/50 [00:53<01:03,  2.34s/it]
 48%|####8     | 24/50 [00:56<01:00,  2.33s/it]
 50%|#####     | 25/50 [00:58<00:58,  2.34s/it]
 52%|#####2    | 26/50 [01:00<00:56,  2.34s/it]
 54%|#####4    | 27/50 [01:03<00:55,  2.39s/it]
 56%|#####6    | 28/50 [01:05<00:51,  2.36s/it]
 58%|#####8    | 29/50 [01:08<00:49,  2.38s/it]

Epoch 30/50

Accuracy             = 0.9531
F1-Score             = 0.9526
Precision            = 0.9530
Recall               = 0.9531
Average Loss         = 0.2206



 60%|######    | 30/50 [01:10<00:47,  2.39s/it]
 62%|######2   | 31/50 [01:12<00:44,  2.36s/it]
 64%|######4   | 32/50 [01:15<00:42,  2.34s/it]
 66%|######6   | 33/50 [01:17<00:39,  2.32s/it]
 68%|######8   | 34/50 [01:19<00:37,  2.36s/it]
 70%|#######   | 35/50 [01:22<00:35,  2.34s/it]
 72%|#######2  | 36/50 [01:24<00:33,  2.38s/it]
 74%|#######4  | 37/50 [01:26<00:30,  2.36s/it]
 76%|#######6  | 38/50 [01:29<00:28,  2.34s/it]
 78%|#######8  | 39/50 [01:31<00:25,  2.33s/it]

Epoch 40/50

Accuracy             = 0.9375
F1-Score             = 0.9370
Precision            = 0.9374
Recall               = 0.9375
Average Loss         = 0.2006



 80%|########  | 40/50 [01:33<00:23,  2.31s/it]
 82%|########2 | 41/50 [01:36<00:20,  2.31s/it]
 84%|########4 | 42/50 [01:38<00:18,  2.30s/it]
 86%|########6 | 43/50 [01:40<00:16,  2.32s/it]
 88%|########8 | 44/50 [01:42<00:13,  2.31s/it]
 90%|######### | 45/50 [01:45<00:11,  2.32s/it]
 92%|#########2| 46/50 [01:47<00:09,  2.34s/it]
 94%|#########3| 47/50 [01:50<00:07,  2.38s/it]
 96%|#########6| 48/50 [01:52<00:04,  2.39s/it]
 98%|#########8| 49/50 [01:54<00:02,  2.35s/it]

Epoch 50/50

Accuracy             = 0.9062
F1-Score             = 0.9057
Precision            = 0.9060
Recall               = 0.9062
Average Loss         = 0.2530




Evaluating the model ...


  0%|          | 0/1 [00:00<?, ?it/s][A

100%|##########| 1/1 [00:04<00:00,  4.88s/it][A
100%|##########| 1/1 [00:05<00:00,  5.05s/it]


Time & Date = 09:13 PM , 10_Jun_2024  GST

Total Time => 0 Hours : 0 Minutes : 5 Seconds



Epoch 50/50

Accuracy             = 0.9143
F1-Score             = 0.9044
Precision            = 0.8993
Recall               = 0.9143
Average Loss         = 0.2474




Final Evaluation
Saving Results ...
Results Saved



100%|##########| 50/50 [02:02<00:00,  4.01s/it]
100%|##########| 50/50 [02:02<00:00,  2.45s/it]


Time & Date = 09:13 PM , 10_Jun_2024  GST

Total Time => 0 Hours : 2 Minutes : 2 Seconds


