

##############################################
PALM: Prompt Learning in Audio Language Models
##############################################




Model:    COOP
Dataset:  VocalSound
Seed:     0


Creating a 16-shot dataset ...


################## Dataset Information ##################
FewShot Dataset

Root: REDACTED/Audio-Datasets/VocalSound

Number of Classes: 6

Number of Shots: 16

Total Number of Samples: 96

Classnames: ['Cough', 'Laughter', 'Sigh', 'Sneeze', 'Sniff', 'Throat clearing']

Label to Classname: {0: 'Cough', 1: 'Laughter', 2: 'Sigh', 3: 'Sneeze', 4: 'Sniff', 5: 'Throat clearing'}

Classname to Label: {'Cough': 0, 'Laughter': 1, 'Sigh': 2, 'Sneeze': 3, 'Sniff': 4, 'Throat clearing': 5}
########################################################




################## Dataset Information ##################
FewShot Dataset

Root: REDACTED/Audio-Datasets/VocalSound

Number of Classes: 6

Number of Shots: -1

Total Number of Samples: 3591

Classnames: ['Cough', 'Laughter', 'Sigh', 'Sneeze', 'Sniff', 'Throat clearing']

Label to Classname: {0: 'Cough', 1: 'Laughter', 2: 'Sigh', 3: 'Sneeze', 4: 'Sniff', 5: 'Throat clearing'}

Classname to Label: {'Cough': 0, 'Laughter': 1, 'Sigh': 2, 'Sneeze': 3, 'Sniff': 4, 'Throat clearing': 5}
########################################################


REDACTED/.venvs/palm/lib/python3.8/site-packages/huggingface_hub/file_download.py:1132: FutureWarning: `resume_download` is deprecated and will be removed in version 1.0.0. Downloads always resume when possible. If you want to force a new download, use `force_download=True`.
  warnings.warn(
Initializing a Generic Context for Coop ...
args:  Namespace(batch_size=16, classnames=['Cough', 'Laughter', 'Sigh', 'Sneeze', 'Sniff', 'Throat clearing'], ctx_dim=512, dataset_root='REDACTED/Audio-Datasets/VocalSound', device=device(type='cuda'), do_logging=True, eval_only=False, exp_name='VocalSound', freq_test_model=10, json_file_path='logs/coop/VocalSound.json', log_dir='logs/coop', lr=0.05, model_name='coop', model_path='', n_ctx=16, n_epochs=50, num_shots=16, process_audio_fn=<bound method PengiWrapper.preprocess_audio of <pengi.wrapper.PengiWrapper object at 0x7f88f9cb2e50>>, prompt_prefix='The is a recording of ', repeat=False, resample=True, rho=0.3, save_model_path='REDACTED/Audio-Datasets/VocalSound', seed=0, spec_aug=False, start_epoch=0)

  0%|          | 0/50 [00:00<?, ?it/s]
  2%|2         | 1/50 [00:02<01:59,  2.44s/it]
  4%|4         | 2/50 [00:04<01:50,  2.30s/it]
  6%|6         | 3/50 [00:06<01:45,  2.25s/it]
  8%|8         | 4/50 [00:09<01:43,  2.25s/it]
 10%|#         | 5/50 [00:11<01:42,  2.27s/it]
 12%|#2        | 6/50 [00:13<01:41,  2.30s/it]
 14%|#4        | 7/50 [00:16<01:39,  2.30s/it]
 16%|#6        | 8/50 [00:18<01:37,  2.32s/it]
 18%|#8        | 9/50 [00:20<01:33,  2.29s/it]

Epoch 10/50

Accuracy             = 0.7292
F1-Score             = 0.7215
Precision            = 0.7566
Recall               = 0.7292
Average Loss         = 0.7803



 20%|##        | 10/50 [00:22<01:30,  2.26s/it]
 22%|##2       | 11/50 [00:25<01:28,  2.28s/it]
 24%|##4       | 12/50 [00:27<01:26,  2.29s/it]
 26%|##6       | 13/50 [00:29<01:23,  2.27s/it]
 28%|##8       | 14/50 [00:32<01:22,  2.30s/it]
 30%|###       | 15/50 [00:34<01:21,  2.32s/it]
 32%|###2      | 16/50 [00:36<01:18,  2.31s/it]
 34%|###4      | 17/50 [00:39<01:16,  2.31s/it]
 36%|###6      | 18/50 [00:41<01:12,  2.28s/it]
 38%|###8      | 19/50 [00:43<01:10,  2.26s/it]

Epoch 20/50

Accuracy             = 0.7396
F1-Score             = 0.7442
Precision            = 0.7614
Recall               = 0.7396
Average Loss         = 0.5927



 40%|####      | 20/50 [00:45<01:07,  2.25s/it]
 42%|####2     | 21/50 [00:47<01:04,  2.24s/it]
 44%|####4     | 22/50 [00:50<01:01,  2.21s/it]
 46%|####6     | 23/50 [00:52<00:59,  2.19s/it]
 48%|####8     | 24/50 [00:54<00:56,  2.18s/it]
 50%|#####     | 25/50 [00:56<00:56,  2.25s/it]
 52%|#####2    | 26/50 [00:58<00:53,  2.22s/it]
 54%|#####4    | 27/50 [01:01<00:50,  2.21s/it]
 56%|#####6    | 28/50 [01:03<00:48,  2.20s/it]
 58%|#####8    | 29/50 [01:05<00:46,  2.21s/it]

Epoch 30/50

Accuracy             = 0.8125
F1-Score             = 0.8118
Precision            = 0.8198
Recall               = 0.8125
Average Loss         = 0.4860



 60%|######    | 30/50 [01:07<00:44,  2.24s/it]
 62%|######2   | 31/50 [01:10<00:43,  2.27s/it]
 64%|######4   | 32/50 [01:12<00:40,  2.27s/it]
 66%|######6   | 33/50 [01:14<00:38,  2.25s/it]
 68%|######8   | 34/50 [01:16<00:35,  2.23s/it]
 70%|#######   | 35/50 [01:19<00:33,  2.25s/it]
 72%|#######2  | 36/50 [01:21<00:31,  2.23s/it]
 74%|#######4  | 37/50 [01:23<00:29,  2.24s/it]
 76%|#######6  | 38/50 [01:25<00:26,  2.24s/it]
 78%|#######8  | 39/50 [01:27<00:24,  2.22s/it]

Epoch 40/50

Accuracy             = 0.8229
F1-Score             = 0.8207
Precision            = 0.8324
Recall               = 0.8229
Average Loss         = 0.4748



 80%|########  | 40/50 [01:30<00:22,  2.21s/it]
 82%|########2 | 41/50 [01:32<00:19,  2.20s/it]
 84%|########4 | 42/50 [01:34<00:17,  2.21s/it]
 86%|########6 | 43/50 [01:36<00:15,  2.20s/it]
 88%|########8 | 44/50 [01:38<00:13,  2.20s/it]
 90%|######### | 45/50 [01:41<00:11,  2.21s/it]
 92%|#########2| 46/50 [01:43<00:08,  2.21s/it]
 94%|#########3| 47/50 [01:45<00:06,  2.22s/it]
 96%|#########6| 48/50 [01:47<00:04,  2.22s/it]
 98%|#########8| 49/50 [01:50<00:02,  2.22s/it]

Epoch 50/50

Accuracy             = 0.7812
F1-Score             = 0.7800
Precision            = 0.7946
Recall               = 0.7812
Average Loss         = 0.5110




Evaluating the model ...


  0%|          | 0/29 [00:00<?, ?it/s][A

  3%|3         | 1/29 [00:02<01:09,  2.49s/it][A

  7%|6         | 2/29 [00:02<00:30,  1.13s/it][A

 10%|#         | 3/29 [00:02<00:18,  1.40it/s][A

 14%|#3        | 4/29 [00:03<00:12,  2.00it/s][A

 17%|#7        | 5/29 [00:04<00:21,  1.13it/s][A

 21%|##        | 6/29 [00:04<00:14,  1.56it/s][A

 24%|##4       | 7/29 [00:05<00:11,  1.99it/s][A

 28%|##7       | 8/29 [00:05<00:08,  2.51it/s][A

 31%|###1      | 9/29 [00:06<00:14,  1.40it/s][A

 34%|###4      | 10/29 [00:06<00:10,  1.83it/s][A

 38%|###7      | 11/29 [00:06<00:08,  2.24it/s][A

 41%|####1     | 12/29 [00:07<00:06,  2.75it/s][A

 45%|####4     | 13/29 [00:08<00:10,  1.46it/s][A

 48%|####8     | 14/29 [00:08<00:07,  1.89it/s][A

 52%|#####1    | 15/29 [00:08<00:06,  2.29it/s][A

 55%|#####5    | 16/29 [00:09<00:04,  2.80it/s][A

 59%|#####8    | 17/29 [00:10<00:08,  1.41it/s][A

 62%|######2   | 18/29 [00:10<00:06,  1.81it/s][A

 66%|######5   | 19/29 [00:11<00:04,  2.22it/s][A

 69%|######8   | 20/29 [00:11<00:03,  2.74it/s][A

 72%|#######2  | 21/29 [00:12<00:05,  1.47it/s][A

 76%|#######5  | 22/29 [00:12<00:03,  1.90it/s][A

 79%|#######9  | 23/29 [00:13<00:02,  2.30it/s][A

 83%|########2 | 24/29 [00:13<00:01,  2.81it/s][A

 86%|########6 | 25/29 [00:14<00:02,  1.45it/s][A

 90%|########9 | 26/29 [00:15<00:01,  1.53it/s][A

 93%|#########3| 27/29 [00:15<00:01,  1.91it/s][A

 97%|#########6| 28/29 [00:15<00:00,  2.40it/s][A
100%|##########| 29/29 [00:15<00:00,  1.81it/s]


Time & Date = 06:13 AM , 10_Jun_2024

Total Time => 0 Hours : 0 Minutes : 16 Seconds



Epoch 50/50

Accuracy             = 0.7162
F1-Score             = 0.6953
Precision            = 0.7226
Recall               = 0.7163
Average Loss         = 0.8699




Final Evaluation
Saving Results ...
Results Saved



100%|##########| 50/50 [02:08<00:00,  7.16s/it]
100%|##########| 50/50 [02:08<00:00,  2.58s/it]


Time & Date = 06:13 AM , 10_Jun_2024

Total Time => 0 Hours : 2 Minutes : 8 Seconds


