

##############################################
PALM: Prompt Learning in Audio Language Models
##############################################




Model:    PENGI_ZEROSHOT
Dataset:  NS-Instruments
Seed:     0


Creating a 16-shot dataset ...


################## Dataset Information ##################
FewShot Dataset

Root: REDACTED/Audio-Datasets/NS-Instruments

Number of Classes: 10

Number of Shots: 16

Total Number of Samples: 160

Classnames: ['bass', 'brass', 'flute', 'guitar', 'keyboard', 'mallet', 'organ', 'reed', 'string', 'vocal']

Label to Classname: {0: 'bass', 1: 'brass', 2: 'flute', 3: 'guitar', 4: 'keyboard', 5: 'mallet', 6: 'organ', 7: 'reed', 8: 'string', 9: 'vocal'}

Classname to Label: {'bass': 0, 'brass': 1, 'flute': 2, 'guitar': 3, 'keyboard': 4, 'mallet': 5, 'organ': 6, 'reed': 7, 'string': 8, 'vocal': 9}
########################################################




################## Dataset Information ##################
FewShot Dataset

Root: REDACTED/Audio-Datasets/NS-Instruments

Number of Classes: 10

Number of Shots: -1

Total Number of Samples: 4096

Classnames: ['bass', 'brass', 'flute', 'guitar', 'keyboard', 'mallet', 'organ', 'reed', 'string', 'vocal']

Label to Classname: {0: 'bass', 1: 'brass', 2: 'flute', 3: 'guitar', 4: 'keyboard', 5: 'mallet', 6: 'organ', 7: 'reed', 8: 'string', 9: 'vocal'}

Classname to Label: {'bass': 0, 'brass': 1, 'flute': 2, 'guitar': 3, 'keyboard': 4, 'mallet': 5, 'organ': 6, 'reed': 7, 'string': 8, 'vocal': 9}
########################################################


REDACTED/.venvs/palm/lib/python3.8/site-packages/huggingface_hub/file_download.py:1132: FutureWarning: `resume_download` is deprecated and will be removed in version 1.0.0. Downloads always resume when possible. If you want to force a new download, use `force_download=True`.
  warnings.warn(


################## Zero-Shot PENGI Information ##################
Prompt Prefix:  The is a recording of 
Prompts:  ['The is a recording of  bass.', 'The is a recording of  brass.', 'The is a recording of  flute.', 'The is a recording of  guitar.', 'The is a recording of  keyboard.', 'The is a recording of  mallet.', 'The is a recording of  organ.', 'The is a recording of  reed.', 'The is a recording of  string.', 'The is a recording of  vocal.']
###################################################################


args:  Namespace(batch_size=16, classnames=['bass', 'brass', 'flute', 'guitar', 'keyboard', 'mallet', 'organ', 'reed', 'string', 'vocal'], ctx_dim=1024, dataset_root='REDACTED/Audio-Datasets/NS-Instruments', device=device(type='cuda'), do_logging=True, eval_only=True, exp_name='NS-Instruments', freq_test_model=10, json_file_path='logs/pengi_zeroshot/NS-Instruments.json', log_dir='logs/pengi_zeroshot', lr=0.05, model_name='pengi_zeroshot', model_path='', n_ctx=16, n_epochs=50, num_shots=16, process_audio_fn=<bound method PengiWrapper.preprocess_audio of <pengi.wrapper.PengiWrapper object at 0x7f74ef05be80>>, prompt_prefix='The is a recording of ', repeat=False, resample=True, rho=0.3, save_model_path='REDACTED/Audio-Datasets/NS-Instruments', seed=0, spec_aug=False, start_epoch=0)


Evaluating the model ...

  0%|          | 0/32 [00:00<?, ?it/s]
  3%|3         | 1/32 [00:06<03:29,  6.75s/it]
  6%|6         | 2/32 [00:06<01:26,  2.90s/it]
  9%|9         | 3/32 [00:07<00:48,  1.69s/it]
 12%|#2        | 4/32 [00:07<00:30,  1.10s/it]
 16%|#5        | 5/32 [00:12<01:12,  2.70s/it]
 19%|#8        | 6/32 [00:13<00:47,  1.84s/it]
 22%|##1       | 7/32 [00:13<00:33,  1.32s/it]
 25%|##5       | 8/32 [00:13<00:23,  1.04it/s]
 28%|##8       | 9/32 [00:18<00:53,  2.31s/it]
 31%|###1      | 10/32 [00:18<00:36,  1.65s/it]
 34%|###4      | 11/32 [00:19<00:25,  1.22s/it]
 38%|###7      | 12/32 [00:19<00:18,  1.11it/s]
 41%|####      | 13/32 [00:24<00:42,  2.22s/it]
 44%|####3     | 14/32 [00:24<00:28,  1.60s/it]
 47%|####6     | 15/32 [00:25<00:20,  1.19s/it]
 50%|#####     | 16/32 [00:25<00:14,  1.12it/s]
 53%|#####3    | 17/32 [00:30<00:32,  2.19s/it]
 56%|#####6    | 18/32 [00:30<00:22,  1.59s/it]
 59%|#####9    | 19/32 [00:30<00:15,  1.18s/it]
 62%|######2   | 20/32 [00:31<00:10,  1.14it/s]
 66%|######5   | 21/32 [00:36<00:24,  2.22s/it]
 69%|######8   | 22/32 [00:36<00:16,  1.61s/it]
 72%|#######1  | 23/32 [00:36<00:10,  1.20s/it]
 75%|#######5  | 24/32 [00:37<00:07,  1.12it/s]
 78%|#######8  | 25/32 [00:42<00:15,  2.18s/it]
 81%|########1 | 26/32 [00:42<00:09,  1.58s/it]
 84%|########4 | 27/32 [00:42<00:05,  1.18s/it]
 88%|########7 | 28/32 [00:42<00:03,  1.14it/s]
 91%|######### | 29/32 [00:48<00:06,  2.20s/it]
 94%|#########3| 30/32 [00:48<00:03,  1.60s/it]
 97%|#########6| 31/32 [00:48<00:01,  1.19s/it]
100%|##########| 32/32 [00:48<00:00,  1.14it/s]
100%|##########| 32/32 [00:48<00:00,  1.53s/it]


Time & Date = 11:29 PM , 09_Jun_2024

Total Time => 0 Hours : 0 Minutes : 49 Seconds


Accuracy             = 0.3291
F1-Score             = 0.2600
Precision            = 0.3080
Recall               = 0.2962
Average Loss         = 2.8539


Saving Results ...
Results Saved


