

##############################################
PALM: Prompt Learning in Audio Language Models
##############################################


Time & Date = 01:37 PM , 13_Jun_2024  GST



Model:    COCOOP
Dataset:  CREMA-D
Seed:     0


Creating a 16-shot dataset ...


################## Dataset Information ##################
FewShot Dataset

Root: REDACTED/Audio-Datasets/CREMA-D

Number of Classes: 6

Number of Shots: 16

Total Number of Samples: 96

Classnames: ['anger', 'disgust', 'fear', 'happy', 'neutral', 'sad']

Label to Classname: {0: 'anger', 1: 'disgust', 2: 'fear', 3: 'happy', 4: 'neutral', 5: 'sad'}

Classname to Label: {'anger': 0, 'disgust': 1, 'fear': 2, 'happy': 3, 'neutral': 4, 'sad': 5}
########################################################




################## Dataset Information ##################
FewShot Dataset

Root: REDACTED/Audio-Datasets/CREMA-D

Number of Classes: 6

Number of Shots: -1

Total Number of Samples: 1489

Classnames: ['anger', 'disgust', 'fear', 'happy', 'neutral', 'sad']

Label to Classname: {0: 'anger', 1: 'disgust', 2: 'fear', 3: 'happy', 4: 'neutral', 5: 'sad'}

Classname to Label: {'anger': 0, 'disgust': 1, 'fear': 2, 'happy': 3, 'neutral': 4, 'sad': 5}
########################################################


Using Method: 'COCOOP'

REDACTED/.venvs/palm/lib/python3.8/site-packages/huggingface_hub/file_download.py:1132: FutureWarning: `resume_download` is deprecated and will be removed in version 1.0.0. Downloads always resume when possible. If you want to force a new download, use `force_download=True`.
  warnings.warn(
Initializing a Generic Context for COCOOP ...
args:  Namespace(batch_size=16, classnames=['anger', 'disgust', 'fear', 'happy', 'neutral', 'sad'], ctx_dim=512, dataset_root='REDACTED/Audio-Datasets/CREMA-D', device=device(type='cuda'), do_logging=True, eval_only=False, exp_name='CREMA-D', freq_test_model=10, json_file_path='logs/cocoop/CREMA-D.json', log_dir='logs/cocoop', lr=0.05, model_name='cocoop', model_path='', n_ctx=16, n_epochs=50, num_shots=16, process_audio_fn=<bound method PengiWrapper.preprocess_audio of <pengi.wrapper.PengiWrapper object at 0x7fa00db3b130>>, prompt_prefix='The is a recording of ', repeat=False, resample=True, save_model_path='REDACTED/Audio-Datasets/CREMA-D', seed=0, spec_aug=False, start_epoch=0)

  0%|          | 0/50 [00:00<?, ?it/s]
  2%|2         | 1/50 [00:06<05:42,  6.99s/it]
  4%|4         | 2/50 [00:13<05:10,  6.47s/it]
  6%|6         | 3/50 [00:19<04:55,  6.29s/it]
  8%|8         | 4/50 [00:25<04:51,  6.34s/it]
 10%|#         | 5/50 [00:31<04:37,  6.16s/it]
 12%|#2        | 6/50 [00:37<04:33,  6.21s/it]
 14%|#4        | 7/50 [00:43<04:25,  6.17s/it]
 16%|#6        | 8/50 [00:50<04:20,  6.21s/it]
 18%|#8        | 9/50 [00:56<04:15,  6.23s/it]REDACTED/.venvs/palm/lib/python3.8/site-packages/sklearn/metrics/_classification.py:1344: UndefinedMetricWarning: Precision and F-score are ill-defined and being set to 0.0 in labels with no predicted samples. Use `zero_division` parameter to control this behavior.
  _warn_prf(average, modifier, msg_start, len(result))
REDACTED/.venvs/palm/lib/python3.8/site-packages/sklearn/metrics/_classification.py:1344: UndefinedMetricWarning: Precision and F-score are ill-defined and being set to 0.0 in labels with no predicted samples. Use `zero_division` parameter to control this behavior.
  _warn_prf(average, modifier, msg_start, len(result))
REDACTED/.venvs/palm/lib/python3.8/site-packages/sklearn/metrics/_classification.py:1344: UndefinedMetricWarning: Precision and F-score are ill-defined and being set to 0.0 in labels with no predicted samples. Use `zero_division` parameter to control this behavior.
  _warn_prf(average, modifier, msg_start, len(result))


Epoch 10/50

Accuracy             = 0.3646
F1-Score             = 0.3261
Precision            = 0.2993
Recall               = 0.3646
Average Loss         = 1.5324



 20%|##        | 10/50 [01:02<04:04,  6.11s/it]
 22%|##2       | 11/50 [01:08<03:56,  6.07s/it]
 24%|##4       | 12/50 [01:14<03:49,  6.05s/it]
 26%|##6       | 13/50 [01:20<03:41,  5.97s/it]
 28%|##8       | 14/50 [01:26<03:36,  6.00s/it]
 30%|###       | 15/50 [01:32<03:30,  6.02s/it]
 32%|###2      | 16/50 [01:38<03:24,  6.02s/it]
 34%|###4      | 17/50 [01:44<03:19,  6.04s/it]
 36%|###6      | 18/50 [01:50<03:13,  6.06s/it]
 38%|###8      | 19/50 [01:56<03:07,  6.04s/it]

Epoch 20/50

Accuracy             = 0.3750
F1-Score             = 0.3243
Precision            = 0.2995
Recall               = 0.3750
Average Loss         = 1.4596



 40%|####      | 20/50 [02:02<02:58,  5.95s/it]
 42%|####2     | 21/50 [02:08<02:54,  6.00s/it]
 44%|####4     | 22/50 [02:14<02:48,  6.02s/it]
 46%|####6     | 23/50 [02:20<02:42,  6.01s/it]
 48%|####8     | 24/50 [02:26<02:38,  6.08s/it]
 50%|#####     | 25/50 [02:32<02:33,  6.12s/it]
 52%|#####2    | 26/50 [02:38<02:26,  6.10s/it]
 54%|#####4    | 27/50 [02:44<02:19,  6.08s/it]
 56%|#####6    | 28/50 [02:50<02:12,  6.01s/it]
 58%|#####8    | 29/50 [02:56<02:05,  5.98s/it]

Epoch 30/50

Accuracy             = 0.3958
F1-Score             = 0.3728
Precision            = 0.3772
Recall               = 0.3958
Average Loss         = 1.4240



 60%|######    | 30/50 [03:02<02:00,  6.03s/it]
 62%|######2   | 31/50 [03:09<01:56,  6.14s/it]
 64%|######4   | 32/50 [03:15<01:49,  6.11s/it]
 66%|######6   | 33/50 [03:21<01:45,  6.21s/it]
 68%|######8   | 34/50 [03:27<01:38,  6.17s/it]
 70%|#######   | 35/50 [03:33<01:31,  6.08s/it]
 72%|#######2  | 36/50 [03:39<01:24,  6.01s/it]
 74%|#######4  | 37/50 [03:45<01:18,  6.00s/it]
 76%|#######6  | 38/50 [03:51<01:11,  5.98s/it]
 78%|#######8  | 39/50 [03:57<01:04,  5.90s/it]

Epoch 40/50

Accuracy             = 0.4375
F1-Score             = 0.3955
Precision            = 0.4287
Recall               = 0.4375
Average Loss         = 1.4228



 80%|########  | 40/50 [04:03<00:59,  5.92s/it]
 82%|########2 | 41/50 [04:09<00:53,  5.96s/it]
 84%|########4 | 42/50 [04:14<00:47,  5.94s/it]
 86%|########6 | 43/50 [04:21<00:42,  6.07s/it]
 88%|########8 | 44/50 [04:27<00:36,  6.08s/it]
 90%|######### | 45/50 [04:33<00:30,  6.05s/it]
 92%|#########2| 46/50 [04:39<00:24,  6.00s/it]
 94%|#########3| 47/50 [04:45<00:18,  6.04s/it]
 96%|#########6| 48/50 [04:51<00:11,  5.98s/it]
 98%|#########8| 49/50 [04:57<00:06,  6.08s/it]

Epoch 50/50

Accuracy             = 0.4271
F1-Score             = 0.4182
Precision            = 0.4267
Recall               = 0.4271
Average Loss         = 1.4285




Evaluating the model ...


  0%|          | 0/12 [00:00<?, ?it/s][A

  8%|8         | 1/12 [00:09<01:40,  9.16s/it][A

 17%|#6        | 2/12 [00:11<00:53,  5.39s/it][A

 25%|##5       | 3/12 [00:14<00:37,  4.18s/it][A

 33%|###3      | 4/12 [00:17<00:28,  3.58s/it][A

 42%|####1     | 5/12 [00:19<00:22,  3.26s/it][A

 50%|#####     | 6/12 [00:22<00:18,  3.03s/it][A

 58%|#####8    | 7/12 [00:25<00:14,  2.93s/it][A

 67%|######6   | 8/12 [00:27<00:11,  2.80s/it][A

 75%|#######5  | 9/12 [00:30<00:08,  2.73s/it][A

 83%|########3 | 10/12 [00:33<00:05,  2.72s/it][A

 92%|#########1| 11/12 [00:35<00:02,  2.66s/it][A

100%|##########| 12/12 [00:37<00:00,  2.36s/it][A
100%|##########| 12/12 [00:37<00:00,  3.13s/it]


Time & Date = 01:43 PM , 13_Jun_2024  GST

Total Time => 0 Hours : 0 Minutes : 38 Seconds



Epoch 50/50

Accuracy             = 0.2539
F1-Score             = 0.2267
Precision            = 0.2911
Recall               = 0.3371
Average Loss         = 1.7138




Final Evaluation
Saving Results ...
Results Saved



100%|##########| 50/50 [05:41<00:00, 17.47s/it]
100%|##########| 50/50 [05:41<00:00,  6.83s/it]


Time & Date = 01:43 PM , 13_Jun_2024  GST

Total Time => 0 Hours : 5 Minutes : 41 Seconds


