

##############################################
PALM: Prompt Learning in Audio Language Models
##############################################


Time & Date = 01:49 PM , 13_Jun_2024  GST



Model:    COCOOP
Dataset:  CREMA-D
Seed:     2


Creating a 16-shot dataset ...


################## Dataset Information ##################
FewShot Dataset

Root: REDACTED/Audio-Datasets/CREMA-D

Number of Classes: 6

Number of Shots: 16

Total Number of Samples: 96

Classnames: ['anger', 'disgust', 'fear', 'happy', 'neutral', 'sad']

Label to Classname: {0: 'anger', 1: 'disgust', 2: 'fear', 3: 'happy', 4: 'neutral', 5: 'sad'}

Classname to Label: {'anger': 0, 'disgust': 1, 'fear': 2, 'happy': 3, 'neutral': 4, 'sad': 5}
########################################################




################## Dataset Information ##################
FewShot Dataset

Root: REDACTED/Audio-Datasets/CREMA-D

Number of Classes: 6

Number of Shots: -1

Total Number of Samples: 1489

Classnames: ['anger', 'disgust', 'fear', 'happy', 'neutral', 'sad']

Label to Classname: {0: 'anger', 1: 'disgust', 2: 'fear', 3: 'happy', 4: 'neutral', 5: 'sad'}

Classname to Label: {'anger': 0, 'disgust': 1, 'fear': 2, 'happy': 3, 'neutral': 4, 'sad': 5}
########################################################


Using Method: 'COCOOP'

REDACTED/.venvs/palm/lib/python3.8/site-packages/huggingface_hub/file_download.py:1132: FutureWarning: `resume_download` is deprecated and will be removed in version 1.0.0. Downloads always resume when possible. If you want to force a new download, use `force_download=True`.
  warnings.warn(
Initializing a Generic Context for COCOOP ...
args:  Namespace(batch_size=16, classnames=['anger', 'disgust', 'fear', 'happy', 'neutral', 'sad'], ctx_dim=512, dataset_root='REDACTED/Audio-Datasets/CREMA-D', device=device(type='cuda'), do_logging=True, eval_only=False, exp_name='CREMA-D', freq_test_model=10, json_file_path='logs/cocoop/CREMA-D.json', log_dir='logs/cocoop', lr=0.05, model_name='cocoop', model_path='', n_ctx=16, n_epochs=50, num_shots=16, process_audio_fn=<bound method PengiWrapper.preprocess_audio of <pengi.wrapper.PengiWrapper object at 0x7fcd0f9a1130>>, prompt_prefix='The is a recording of ', repeat=False, resample=True, save_model_path='REDACTED/Audio-Datasets/CREMA-D', seed=2, spec_aug=False, start_epoch=0)

  0%|          | 0/50 [00:00<?, ?it/s]
  2%|2         | 1/50 [00:06<04:55,  6.04s/it]
  4%|4         | 2/50 [00:12<04:51,  6.08s/it]
  6%|6         | 3/50 [00:18<04:43,  6.03s/it]
  8%|8         | 4/50 [00:24<04:38,  6.06s/it]
 10%|#         | 5/50 [00:30<04:28,  5.98s/it]
 12%|#2        | 6/50 [00:35<04:19,  5.90s/it]
 14%|#4        | 7/50 [00:41<04:12,  5.86s/it]
 16%|#6        | 8/50 [00:47<04:07,  5.88s/it]
 18%|#8        | 9/50 [00:53<03:58,  5.82s/it]

Epoch 10/50

Accuracy             = 0.3125
F1-Score             = 0.2945
Precision            = 0.2969
Recall               = 0.3125
Average Loss         = 1.6087



 20%|##        | 10/50 [00:58<03:51,  5.78s/it]
 22%|##2       | 11/50 [01:04<03:46,  5.80s/it]
 24%|##4       | 12/50 [01:10<03:39,  5.77s/it]
 26%|##6       | 13/50 [01:16<03:32,  5.76s/it]
 28%|##8       | 14/50 [01:21<03:26,  5.75s/it]
 30%|###       | 15/50 [01:27<03:20,  5.74s/it]
 32%|###2      | 16/50 [01:33<03:17,  5.81s/it]
 34%|###4      | 17/50 [01:39<03:12,  5.84s/it]
 36%|###6      | 18/50 [01:45<03:10,  5.96s/it]
 38%|###8      | 19/50 [01:52<03:08,  6.09s/it]

Epoch 20/50

Accuracy             = 0.3125
F1-Score             = 0.2641
Precision            = 0.2542
Recall               = 0.3125
Average Loss         = 1.5462



 40%|####      | 20/50 [01:58<03:03,  6.13s/it]
 42%|####2     | 21/50 [02:04<02:55,  6.04s/it]
 44%|####4     | 22/50 [02:09<02:46,  5.94s/it]
 46%|####6     | 23/50 [02:15<02:39,  5.91s/it]
 48%|####8     | 24/50 [02:21<02:33,  5.92s/it]
 50%|#####     | 25/50 [02:27<02:26,  5.87s/it]
 52%|#####2    | 26/50 [02:33<02:22,  5.93s/it]
 54%|#####4    | 27/50 [02:39<02:16,  5.92s/it]
 56%|#####6    | 28/50 [02:45<02:09,  5.91s/it]
 58%|#####8    | 29/50 [02:51<02:03,  5.86s/it]

Epoch 30/50

Accuracy             = 0.4375
F1-Score             = 0.4211
Precision            = 0.4203
Recall               = 0.4375
Average Loss         = 1.4160



 60%|######    | 30/50 [02:57<01:58,  5.92s/it]
 62%|######2   | 31/50 [03:02<01:51,  5.89s/it]
 64%|######4   | 32/50 [03:08<01:45,  5.87s/it]
 66%|######6   | 33/50 [03:14<01:40,  5.92s/it]
 68%|######8   | 34/50 [03:20<01:35,  5.95s/it]
 70%|#######   | 35/50 [03:26<01:29,  5.97s/it]
 72%|#######2  | 36/50 [03:32<01:22,  5.92s/it]
 74%|#######4  | 37/50 [03:38<01:17,  5.97s/it]
 76%|#######6  | 38/50 [03:44<01:11,  5.97s/it]
 78%|#######8  | 39/50 [03:50<01:05,  5.98s/it]

Epoch 40/50

Accuracy             = 0.4896
F1-Score             = 0.4595
Precision            = 0.4720
Recall               = 0.4896
Average Loss         = 1.3757



 80%|########  | 40/50 [03:56<01:00,  6.03s/it]
 82%|########2 | 41/50 [04:02<00:53,  5.95s/it]
 84%|########4 | 42/50 [04:08<00:47,  5.97s/it]
 86%|########6 | 43/50 [04:14<00:41,  5.94s/it]
 88%|########8 | 44/50 [04:20<00:35,  5.89s/it]
 90%|######### | 45/50 [04:26<00:29,  5.88s/it]
 92%|#########2| 46/50 [04:31<00:23,  5.87s/it]
 94%|#########3| 47/50 [04:37<00:17,  5.88s/it]
 96%|#########6| 48/50 [04:43<00:11,  5.87s/it]
 98%|#########8| 49/50 [04:49<00:05,  5.89s/it]

Epoch 50/50

Accuracy             = 0.4375
F1-Score             = 0.4361
Precision            = 0.4734
Recall               = 0.4375
Average Loss         = 1.3872




Evaluating the model ...


  0%|          | 0/12 [00:00<?, ?it/s][A

  8%|8         | 1/12 [00:08<01:28,  8.03s/it][A

 17%|#6        | 2/12 [00:10<00:46,  4.69s/it][A

 25%|##5       | 3/12 [00:12<00:32,  3.64s/it][A

 33%|###3      | 4/12 [00:15<00:25,  3.19s/it][A

 42%|####1     | 5/12 [00:17<00:20,  3.00s/it][A

 50%|#####     | 6/12 [00:20<00:16,  2.80s/it][A

 58%|#####8    | 7/12 [00:22<00:13,  2.65s/it][A

 67%|######6   | 8/12 [00:25<00:10,  2.65s/it][A

 75%|#######5  | 9/12 [00:27<00:07,  2.54s/it][A

 83%|########3 | 10/12 [00:29<00:04,  2.44s/it][A

 92%|#########1| 11/12 [00:32<00:02,  2.39s/it][A

100%|##########| 12/12 [00:33<00:00,  2.09s/it][A
100%|##########| 12/12 [00:33<00:00,  2.81s/it]


Time & Date = 01:55 PM , 13_Jun_2024  GST

Total Time => 0 Hours : 0 Minutes : 34 Seconds



Epoch 50/50

Accuracy             = 0.3156
F1-Score             = 0.2851
Precision            = 0.3206
Recall               = 0.3717
Average Loss         = 1.5863




Final Evaluation
Saving Results ...
Results Saved



100%|##########| 50/50 [05:29<00:00, 16.20s/it]
100%|##########| 50/50 [05:29<00:00,  6.60s/it]


Time & Date = 01:55 PM , 13_Jun_2024  GST

Total Time => 0 Hours : 5 Minutes : 29 Seconds


