

##############################################
PALM: Prompt Learning in Audio Language Models
##############################################


Time & Date = 12:32 PM , 13_Jun_2024  GST



Model:    COCOOP
Dataset:  GT-Music-Genre
Seed:     0


Creating a 16-shot dataset ...


################## Dataset Information ##################
FewShot Dataset

Root: REDACTED/Audio-Datasets/GT-Music-Genre

Number of Classes: 10

Number of Shots: 16

Total Number of Samples: 160

Classnames: ['blues', 'classical', 'country', 'disco', 'hiphop', 'jazz', 'metal', 'pop', 'reggae', 'rock']

Label to Classname: {0: 'blues', 1: 'classical', 2: 'country', 3: 'disco', 4: 'hiphop', 5: 'jazz', 6: 'metal', 7: 'pop', 8: 'reggae', 9: 'rock'}

Classname to Label: {'blues': 0, 'classical': 1, 'country': 2, 'disco': 3, 'hiphop': 4, 'jazz': 5, 'metal': 6, 'pop': 7, 'reggae': 8, 'rock': 9}
########################################################




################## Dataset Information ##################
FewShot Dataset

Root: REDACTED/Audio-Datasets/GT-Music-Genre

Number of Classes: 10

Number of Shots: -1

Total Number of Samples: 200

Classnames: ['blues', 'classical', 'country', 'disco', 'hiphop', 'jazz', 'metal', 'pop', 'reggae', 'rock']

Label to Classname: {0: 'blues', 1: 'classical', 2: 'country', 3: 'disco', 4: 'hiphop', 5: 'jazz', 6: 'metal', 7: 'pop', 8: 'reggae', 9: 'rock'}

Classname to Label: {'blues': 0, 'classical': 1, 'country': 2, 'disco': 3, 'hiphop': 4, 'jazz': 5, 'metal': 6, 'pop': 7, 'reggae': 8, 'rock': 9}
########################################################


Using Method: cocoop
REDACTED/.venvs/palm/lib/python3.8/site-packages/huggingface_hub/file_download.py:1132: FutureWarning: `resume_download` is deprecated and will be removed in version 1.0.0. Downloads always resume when possible. If you want to force a new download, use `force_download=True`.
  warnings.warn(
Initializing a Generic Context for COCOOP ...
args:  Namespace(batch_size=16, classnames=['blues', 'classical', 'country', 'disco', 'hiphop', 'jazz', 'metal', 'pop', 'reggae', 'rock'], ctx_dim=512, dataset_root='REDACTED/Audio-Datasets/GT-Music-Genre', device=device(type='cuda'), do_logging=True, eval_only=False, exp_name='GT-Music-Genre', freq_test_model=10, json_file_path='logs/cocoop/GT-Music-Genre.json', log_dir='logs/cocoop', lr=0.05, model_name='cocoop', model_path='', n_ctx=16, n_epochs=50, num_shots=16, process_audio_fn=<bound method PengiWrapper.preprocess_audio of <pengi.wrapper.PengiWrapper object at 0x7f8132c6c190>>, prompt_prefix='The is a recording of ', repeat=False, resample=True, save_model_path='REDACTED/Audio-Datasets/GT-Music-Genre', seed=0, spec_aug=False, start_epoch=0)

  0%|          | 0/50 [00:00<?, ?it/s]
  2%|2         | 1/50 [00:08<07:14,  8.88s/it]
  4%|4         | 2/50 [00:17<06:55,  8.65s/it]
  6%|6         | 3/50 [00:25<06:42,  8.56s/it]
  8%|8         | 4/50 [00:34<06:32,  8.53s/it]
 10%|#         | 5/50 [00:42<06:21,  8.49s/it]
 12%|#2        | 6/50 [00:51<06:21,  8.68s/it]
 14%|#4        | 7/50 [01:00<06:12,  8.67s/it]
 16%|#6        | 8/50 [01:09<06:11,  8.84s/it]
 18%|#8        | 9/50 [01:18<05:56,  8.70s/it]

Epoch 10/50

Accuracy             = 0.6125
F1-Score             = 0.5995
Precision            = 0.6036
Recall               = 0.6125
Average Loss         = 1.0952



 20%|##        | 10/50 [01:26<05:43,  8.59s/it]
 22%|##2       | 11/50 [01:34<05:29,  8.45s/it]
 24%|##4       | 12/50 [01:42<05:19,  8.41s/it]
 26%|##6       | 13/50 [01:51<05:11,  8.43s/it]
 28%|##8       | 14/50 [01:59<05:03,  8.44s/it]
 30%|###       | 15/50 [02:08<04:56,  8.48s/it]
 32%|###2      | 16/50 [02:16<04:45,  8.40s/it]
 34%|###4      | 17/50 [02:24<04:36,  8.37s/it]
 36%|###6      | 18/50 [02:32<04:24,  8.27s/it]
 38%|###8      | 19/50 [02:41<04:15,  8.25s/it]

Epoch 20/50

Accuracy             = 0.7188
F1-Score             = 0.7092
Precision            = 0.7130
Recall               = 0.7188
Average Loss         = 0.8268



 40%|####      | 20/50 [02:49<04:09,  8.32s/it]
 42%|####2     | 21/50 [02:58<04:02,  8.37s/it]
 44%|####4     | 22/50 [03:06<03:57,  8.48s/it]
 46%|####6     | 23/50 [03:15<03:47,  8.42s/it]
 48%|####8     | 24/50 [03:23<03:39,  8.46s/it]
 50%|#####     | 25/50 [03:31<03:30,  8.44s/it]
 52%|#####2    | 26/50 [03:40<03:21,  8.38s/it]
 54%|#####4    | 27/50 [03:48<03:13,  8.39s/it]
 56%|#####6    | 28/50 [03:56<03:01,  8.24s/it]
 58%|#####8    | 29/50 [04:05<02:56,  8.42s/it]

Epoch 30/50

Accuracy             = 0.7812
F1-Score             = 0.7759
Precision            = 0.7799
Recall               = 0.7812
Average Loss         = 0.6594



 60%|######    | 30/50 [04:14<02:50,  8.52s/it]
 62%|######2   | 31/50 [04:22<02:41,  8.52s/it]
 64%|######4   | 32/50 [04:30<02:32,  8.45s/it]
 66%|######6   | 33/50 [04:39<02:22,  8.37s/it]
 68%|######8   | 34/50 [04:48<02:19,  8.70s/it]
 70%|#######   | 35/50 [04:57<02:12,  8.82s/it]
 72%|#######2  | 36/50 [05:06<02:03,  8.85s/it]
 74%|#######4  | 37/50 [05:15<01:54,  8.81s/it]
 76%|#######6  | 38/50 [05:24<01:46,  8.91s/it]
 78%|#######8  | 39/50 [05:34<01:40,  9.10s/it]

Epoch 40/50

Accuracy             = 0.8250
F1-Score             = 0.8230
Precision            = 0.8372
Recall               = 0.8250
Average Loss         = 0.4816



 80%|########  | 40/50 [05:43<01:31,  9.15s/it]
 82%|########2 | 41/50 [05:51<01:19,  8.83s/it]
 84%|########4 | 42/50 [05:59<01:09,  8.69s/it]
 86%|########6 | 43/50 [06:08<01:00,  8.60s/it]
 88%|########8 | 44/50 [06:16<00:51,  8.53s/it]
 90%|######### | 45/50 [06:24<00:42,  8.44s/it]
 92%|#########2| 46/50 [06:32<00:33,  8.37s/it]
 94%|#########3| 47/50 [06:40<00:24,  8.26s/it]
 96%|#########6| 48/50 [06:49<00:16,  8.35s/it]
 98%|#########8| 49/50 [06:58<00:08,  8.59s/it]

Epoch 50/50

Accuracy             = 0.8125
F1-Score             = 0.8105
Precision            = 0.8126
Recall               = 0.8125
Average Loss         = 0.4472




Evaluating the model ...


  0%|          | 0/2 [00:00<?, ?it/s][A

 50%|#####     | 1/2 [00:11<00:11, 11.98s/it][A

100%|##########| 2/2 [00:13<00:00,  5.71s/it][A
100%|##########| 2/2 [00:13<00:00,  6.76s/it]


Time & Date = 12:39 PM , 13_Jun_2024  GST

Total Time => 0 Hours : 0 Minutes : 13 Seconds



Epoch 50/50

Accuracy             = 0.7500
F1-Score             = 0.7383
Precision            = 0.7553
Recall               = 0.7659
Average Loss         = 0.7872




Final Evaluation
Saving Results ...
Results Saved



100%|##########| 50/50 [07:21<00:00, 12.98s/it]
100%|##########| 50/50 [07:21<00:00,  8.84s/it]


Time & Date = 12:39 PM , 13_Jun_2024  GST

Total Time => 0 Hours : 7 Minutes : 21 Seconds


