

##############################################
PALM: Prompt Learning in Audio Language Models
##############################################


Time & Date = 01:05 PM , 13_Jun_2024  GST



Model:    COCOOP
Dataset:  NS-Instruments
Seed:     1


Creating a 16-shot dataset ...


################## Dataset Information ##################
FewShot Dataset

Root: REDACTED/Audio-Datasets/NS-Instruments

Number of Classes: 10

Number of Shots: 16

Total Number of Samples: 160

Classnames: ['bass', 'brass', 'flute', 'guitar', 'keyboard', 'mallet', 'organ', 'reed', 'string', 'vocal']

Label to Classname: {0: 'bass', 1: 'brass', 2: 'flute', 3: 'guitar', 4: 'keyboard', 5: 'mallet', 6: 'organ', 7: 'reed', 8: 'string', 9: 'vocal'}

Classname to Label: {'bass': 0, 'brass': 1, 'flute': 2, 'guitar': 3, 'keyboard': 4, 'mallet': 5, 'organ': 6, 'reed': 7, 'string': 8, 'vocal': 9}
########################################################




################## Dataset Information ##################
FewShot Dataset

Root: REDACTED/Audio-Datasets/NS-Instruments

Number of Classes: 10

Number of Shots: -1

Total Number of Samples: 4096

Classnames: ['bass', 'brass', 'flute', 'guitar', 'keyboard', 'mallet', 'organ', 'reed', 'string', 'vocal']

Label to Classname: {0: 'bass', 1: 'brass', 2: 'flute', 3: 'guitar', 4: 'keyboard', 5: 'mallet', 6: 'organ', 7: 'reed', 8: 'string', 9: 'vocal'}

Classname to Label: {'bass': 0, 'brass': 1, 'flute': 2, 'guitar': 3, 'keyboard': 4, 'mallet': 5, 'organ': 6, 'reed': 7, 'string': 8, 'vocal': 9}
########################################################


Using Method: 'COCOOP'

REDACTED/.venvs/palm/lib/python3.8/site-packages/huggingface_hub/file_download.py:1132: FutureWarning: `resume_download` is deprecated and will be removed in version 1.0.0. Downloads always resume when possible. If you want to force a new download, use `force_download=True`.
  warnings.warn(
Initializing a Generic Context for COCOOP ...
args:  Namespace(batch_size=16, classnames=['bass', 'brass', 'flute', 'guitar', 'keyboard', 'mallet', 'organ', 'reed', 'string', 'vocal'], ctx_dim=512, dataset_root='REDACTED/Audio-Datasets/NS-Instruments', device=device(type='cuda'), do_logging=True, eval_only=False, exp_name='NS-Instruments', freq_test_model=10, json_file_path='logs/cocoop/NS-Instruments.json', log_dir='logs/cocoop', lr=0.05, model_name='cocoop', model_path='', n_ctx=16, n_epochs=50, num_shots=16, process_audio_fn=<bound method PengiWrapper.preprocess_audio of <pengi.wrapper.PengiWrapper object at 0x7f2da5a9b190>>, prompt_prefix='The is a recording of ', repeat=False, resample=True, save_model_path='REDACTED/Audio-Datasets/NS-Instruments', seed=1, spec_aug=False, start_epoch=0)

  0%|          | 0/50 [00:00<?, ?it/s]
  2%|2         | 1/50 [00:08<07:09,  8.76s/it]
  4%|4         | 2/50 [00:17<06:55,  8.65s/it]
  6%|6         | 3/50 [00:26<06:48,  8.69s/it]
  8%|8         | 4/50 [00:34<06:32,  8.53s/it]
 10%|#         | 5/50 [00:43<06:30,  8.68s/it]
 12%|#2        | 6/50 [00:52<06:28,  8.83s/it]
 14%|#4        | 7/50 [01:01<06:23,  8.92s/it]
 16%|#6        | 8/50 [01:10<06:10,  8.82s/it]
 18%|#8        | 9/50 [01:18<05:57,  8.72s/it]

Epoch 10/50

Accuracy             = 0.7625
F1-Score             = 0.7617
Precision            = 0.7762
Recall               = 0.7625
Average Loss         = 0.7976



 20%|##        | 10/50 [01:27<05:47,  8.69s/it]
 22%|##2       | 11/50 [01:36<05:41,  8.75s/it]
 24%|##4       | 12/50 [01:44<05:31,  8.72s/it]
 26%|##6       | 13/50 [01:53<05:18,  8.62s/it]
 28%|##8       | 14/50 [02:01<05:10,  8.64s/it]
 30%|###       | 15/50 [02:10<05:03,  8.68s/it]
 32%|###2      | 16/50 [02:19<04:53,  8.62s/it]
 34%|###4      | 17/50 [02:27<04:41,  8.52s/it]
 36%|###6      | 18/50 [02:35<04:32,  8.50s/it]
 38%|###8      | 19/50 [02:44<04:23,  8.49s/it]

Epoch 20/50

Accuracy             = 0.8250
F1-Score             = 0.8233
Precision            = 0.8279
Recall               = 0.8250
Average Loss         = 0.5786



 40%|####      | 20/50 [02:52<04:14,  8.48s/it]
 42%|####2     | 21/50 [03:01<04:05,  8.46s/it]
 44%|####4     | 22/50 [03:09<03:53,  8.33s/it]
 46%|####6     | 23/50 [03:17<03:47,  8.42s/it]
 48%|####8     | 24/50 [03:26<03:38,  8.40s/it]
 50%|#####     | 25/50 [03:34<03:31,  8.45s/it]
 52%|#####2    | 26/50 [03:43<03:22,  8.45s/it]
 54%|#####4    | 27/50 [03:51<03:15,  8.49s/it]
 56%|#####6    | 28/50 [04:00<03:07,  8.54s/it]
 58%|#####8    | 29/50 [04:08<02:57,  8.44s/it]

Epoch 30/50

Accuracy             = 0.9125
F1-Score             = 0.9127
Precision            = 0.9165
Recall               = 0.9125
Average Loss         = 0.3300



 60%|######    | 30/50 [04:17<02:48,  8.43s/it]
 62%|######2   | 31/50 [04:25<02:41,  8.48s/it]
 64%|######4   | 32/50 [04:34<02:32,  8.45s/it]
 66%|######6   | 33/50 [04:42<02:23,  8.45s/it]
 68%|######8   | 34/50 [04:50<02:14,  8.41s/it]
 70%|#######   | 35/50 [04:58<02:04,  8.33s/it]
 72%|#######2  | 36/50 [05:07<01:56,  8.34s/it]
 74%|#######4  | 37/50 [05:16<01:51,  8.56s/it]
 76%|#######6  | 38/50 [05:24<01:42,  8.54s/it]
 78%|#######8  | 39/50 [05:33<01:34,  8.57s/it]

Epoch 40/50

Accuracy             = 0.9187
F1-Score             = 0.9178
Precision            = 0.9225
Recall               = 0.9187
Average Loss         = 0.2348



 80%|########  | 40/50 [05:42<01:25,  8.54s/it]
 82%|########2 | 41/50 [05:50<01:16,  8.51s/it]
 84%|########4 | 42/50 [05:58<01:07,  8.44s/it]
 86%|########6 | 43/50 [06:07<00:59,  8.43s/it]
 88%|########8 | 44/50 [06:15<00:50,  8.41s/it]
 90%|######### | 45/50 [06:23<00:42,  8.41s/it]
 92%|#########2| 46/50 [06:32<00:33,  8.42s/it]
 94%|#########3| 47/50 [06:41<00:25,  8.51s/it]
 96%|#########6| 48/50 [06:49<00:16,  8.45s/it]
 98%|#########8| 49/50 [06:57<00:08,  8.45s/it]

Epoch 50/50

Accuracy             = 0.9688
F1-Score             = 0.9685
Precision            = 0.9706
Recall               = 0.9688
Average Loss         = 0.1137




Evaluating the model ...


  0%|          | 0/32 [00:00<?, ?it/s][A

  3%|3         | 1/32 [00:08<04:11,  8.12s/it][A

  6%|6         | 2/32 [00:11<02:34,  5.15s/it][A

  9%|9         | 3/32 [00:13<01:55,  3.98s/it][A

 12%|#2        | 4/32 [00:16<01:32,  3.31s/it][A

 16%|#5        | 5/32 [00:19<01:26,  3.20s/it][A

 19%|#8        | 6/32 [00:21<01:19,  3.07s/it][A

 22%|##1       | 7/32 [00:24<01:10,  2.84s/it][A

 25%|##5       | 8/32 [00:27<01:10,  2.93s/it][A

 28%|##8       | 9/32 [00:30<01:05,  2.85s/it][A

 31%|###1      | 10/32 [00:33<01:05,  3.00s/it][A

 34%|###4      | 11/32 [00:35<00:57,  2.76s/it][A

 38%|###7      | 12/32 [00:37<00:51,  2.56s/it][A

 41%|####      | 13/32 [00:40<00:49,  2.61s/it][A

 44%|####3     | 14/32 [00:43<00:49,  2.74s/it][A

 47%|####6     | 15/32 [00:46<00:47,  2.82s/it][A

 50%|#####     | 16/32 [00:49<00:44,  2.80s/it][A

 53%|#####3    | 17/32 [00:52<00:42,  2.86s/it][A

 56%|#####6    | 18/32 [00:55<00:39,  2.85s/it][A

 59%|#####9    | 19/32 [00:57<00:36,  2.84s/it][A

 62%|######2   | 20/32 [01:00<00:31,  2.66s/it][A

 66%|######5   | 21/32 [01:02<00:27,  2.53s/it][A

 69%|######8   | 22/32 [01:04<00:24,  2.45s/it][A

 72%|#######1  | 23/32 [01:07<00:24,  2.68s/it][A

 75%|#######5  | 24/32 [01:09<00:20,  2.51s/it][A

 78%|#######8  | 25/32 [01:12<00:18,  2.67s/it][A

 81%|########1 | 26/32 [01:15<00:15,  2.66s/it][A

 84%|########4 | 27/32 [01:17<00:12,  2.50s/it][A

 88%|########7 | 28/32 [01:20<00:10,  2.71s/it][A

 91%|######### | 29/32 [01:23<00:07,  2.63s/it][A

 94%|#########3| 30/32 [01:26<00:05,  2.70s/it][A

 97%|#########6| 31/32 [01:28<00:02,  2.63s/it][A

100%|##########| 32/32 [01:31<00:00,  2.80s/it][A
100%|##########| 32/32 [01:32<00:00,  2.88s/it]


Time & Date = 01:14 PM , 13_Jun_2024  GST

Total Time => 0 Hours : 1 Minutes : 32 Seconds



Epoch 50/50

Accuracy             = 0.5740
F1-Score             = 0.5840
Precision            = 0.6134
Recall               = 0.6306
Average Loss         = 1.6444




Final Evaluation
Saving Results ...
Results Saved



100%|##########| 50/50 [08:38<00:00, 36.12s/it]
100%|##########| 50/50 [08:38<00:00, 10.37s/it]


Time & Date = 01:14 PM , 13_Jun_2024  GST

Total Time => 0 Hours : 8 Minutes : 38 Seconds


