

##############################################
PALM: Prompt Learning in Audio Language Models
##############################################


Time & Date = 01:15 PM , 13_Jun_2024  GST



Model:    COCOOP
Dataset:  NS-Instruments
Seed:     2


Creating a 16-shot dataset ...


################## Dataset Information ##################
FewShot Dataset

Root: REDACTED/Audio-Datasets/NS-Instruments

Number of Classes: 10

Number of Shots: 16

Total Number of Samples: 160

Classnames: ['bass', 'brass', 'flute', 'guitar', 'keyboard', 'mallet', 'organ', 'reed', 'string', 'vocal']

Label to Classname: {0: 'bass', 1: 'brass', 2: 'flute', 3: 'guitar', 4: 'keyboard', 5: 'mallet', 6: 'organ', 7: 'reed', 8: 'string', 9: 'vocal'}

Classname to Label: {'bass': 0, 'brass': 1, 'flute': 2, 'guitar': 3, 'keyboard': 4, 'mallet': 5, 'organ': 6, 'reed': 7, 'string': 8, 'vocal': 9}
########################################################




################## Dataset Information ##################
FewShot Dataset

Root: REDACTED/Audio-Datasets/NS-Instruments

Number of Classes: 10

Number of Shots: -1

Total Number of Samples: 4096

Classnames: ['bass', 'brass', 'flute', 'guitar', 'keyboard', 'mallet', 'organ', 'reed', 'string', 'vocal']

Label to Classname: {0: 'bass', 1: 'brass', 2: 'flute', 3: 'guitar', 4: 'keyboard', 5: 'mallet', 6: 'organ', 7: 'reed', 8: 'string', 9: 'vocal'}

Classname to Label: {'bass': 0, 'brass': 1, 'flute': 2, 'guitar': 3, 'keyboard': 4, 'mallet': 5, 'organ': 6, 'reed': 7, 'string': 8, 'vocal': 9}
########################################################


Using Method: 'COCOOP'

REDACTED/.venvs/palm/lib/python3.8/site-packages/huggingface_hub/file_download.py:1132: FutureWarning: `resume_download` is deprecated and will be removed in version 1.0.0. Downloads always resume when possible. If you want to force a new download, use `force_download=True`.
  warnings.warn(
Initializing a Generic Context for COCOOP ...
args:  Namespace(batch_size=16, classnames=['bass', 'brass', 'flute', 'guitar', 'keyboard', 'mallet', 'organ', 'reed', 'string', 'vocal'], ctx_dim=512, dataset_root='REDACTED/Audio-Datasets/NS-Instruments', device=device(type='cuda'), do_logging=True, eval_only=False, exp_name='NS-Instruments', freq_test_model=10, json_file_path='logs/cocoop/NS-Instruments.json', log_dir='logs/cocoop', lr=0.05, model_name='cocoop', model_path='', n_ctx=16, n_epochs=50, num_shots=16, process_audio_fn=<bound method PengiWrapper.preprocess_audio of <pengi.wrapper.PengiWrapper object at 0x7fb8870d6190>>, prompt_prefix='The is a recording of ', repeat=False, resample=True, save_model_path='REDACTED/Audio-Datasets/NS-Instruments', seed=2, spec_aug=False, start_epoch=0)

  0%|          | 0/50 [00:00<?, ?it/s]
  2%|2         | 1/50 [00:08<06:57,  8.53s/it]
  4%|4         | 2/50 [00:16<06:44,  8.43s/it]
  6%|6         | 3/50 [00:25<06:30,  8.31s/it]
  8%|8         | 4/50 [00:33<06:23,  8.33s/it]
 10%|#         | 5/50 [00:41<06:12,  8.28s/it]
 12%|#2        | 6/50 [00:49<06:05,  8.32s/it]
 14%|#4        | 7/50 [00:58<06:01,  8.40s/it]
 16%|#6        | 8/50 [01:06<05:52,  8.39s/it]
 18%|#8        | 9/50 [01:15<05:47,  8.48s/it]

Epoch 10/50

Accuracy             = 0.6813
F1-Score             = 0.6780
Precision            = 0.6838
Recall               = 0.6813
Average Loss         = 0.9502



 20%|##        | 10/50 [01:24<05:39,  8.50s/it]
 22%|##2       | 11/50 [01:32<05:29,  8.44s/it]
 24%|##4       | 12/50 [01:40<05:19,  8.40s/it]
 26%|##6       | 13/50 [01:49<05:10,  8.40s/it]
 28%|##8       | 14/50 [01:57<04:58,  8.30s/it]
 30%|###       | 15/50 [02:05<04:55,  8.43s/it]
 32%|###2      | 16/50 [02:14<04:51,  8.56s/it]
 34%|###4      | 17/50 [02:23<04:43,  8.58s/it]
 36%|###6      | 18/50 [02:31<04:31,  8.48s/it]
 38%|###8      | 19/50 [02:40<04:23,  8.50s/it]

Epoch 20/50

Accuracy             = 0.7750
F1-Score             = 0.7741
Precision            = 0.7893
Recall               = 0.7750
Average Loss         = 0.6875



 40%|####      | 20/50 [02:48<04:15,  8.51s/it]
 42%|####2     | 21/50 [02:57<04:05,  8.47s/it]
 44%|####4     | 22/50 [03:05<03:52,  8.31s/it]
 46%|####6     | 23/50 [03:13<03:43,  8.29s/it]
 48%|####8     | 24/50 [03:22<03:38,  8.40s/it]
 50%|#####     | 25/50 [03:30<03:27,  8.29s/it]
 52%|#####2    | 26/50 [03:38<03:18,  8.28s/it]
 54%|#####4    | 27/50 [03:46<03:12,  8.37s/it]
 56%|#####6    | 28/50 [03:55<03:05,  8.42s/it]
 58%|#####8    | 29/50 [04:03<02:55,  8.37s/it]

Epoch 30/50

Accuracy             = 0.7562
F1-Score             = 0.7560
Precision            = 0.7653
Recall               = 0.7562
Average Loss         = 0.6214



 60%|######    | 30/50 [04:11<02:46,  8.32s/it]
 62%|######2   | 31/50 [04:20<02:37,  8.30s/it]
 64%|######4   | 32/50 [04:28<02:29,  8.31s/it]
 66%|######6   | 33/50 [04:36<02:20,  8.26s/it]
 68%|######8   | 34/50 [04:45<02:13,  8.32s/it]
 70%|#######   | 35/50 [04:53<02:04,  8.31s/it]
 72%|#######2  | 36/50 [05:01<01:55,  8.24s/it]
 74%|#######4  | 37/50 [05:09<01:47,  8.27s/it]
 76%|#######6  | 38/50 [05:17<01:38,  8.24s/it]
 78%|#######8  | 39/50 [05:25<01:30,  8.19s/it]

Epoch 40/50

Accuracy             = 0.8625
F1-Score             = 0.8636
Precision            = 0.8758
Recall               = 0.8625
Average Loss         = 0.3713



 80%|########  | 40/50 [05:34<01:22,  8.29s/it]
 82%|########2 | 41/50 [05:42<01:13,  8.18s/it]
 84%|########4 | 42/50 [05:50<01:06,  8.29s/it]
 86%|########6 | 43/50 [05:59<00:58,  8.37s/it]
 88%|########8 | 44/50 [06:08<00:51,  8.54s/it]
 90%|######### | 45/50 [06:16<00:42,  8.48s/it]
 92%|#########2| 46/50 [06:25<00:33,  8.46s/it]
 94%|#########3| 47/50 [06:33<00:25,  8.49s/it]
 96%|#########6| 48/50 [06:42<00:17,  8.56s/it]
 98%|#########8| 49/50 [06:50<00:08,  8.51s/it]

Epoch 50/50

Accuracy             = 0.9125
F1-Score             = 0.9119
Precision            = 0.9183
Recall               = 0.9125
Average Loss         = 0.2911




Evaluating the model ...


  0%|          | 0/32 [00:00<?, ?it/s][A

  3%|3         | 1/32 [00:08<04:22,  8.46s/it][A

  6%|6         | 2/32 [00:11<02:41,  5.37s/it][A

  9%|9         | 3/32 [00:14<02:00,  4.16s/it][A

 12%|#2        | 4/32 [00:16<01:35,  3.41s/it][A

 16%|#5        | 5/32 [00:18<01:20,  2.99s/it][A

 19%|#8        | 6/32 [00:21<01:12,  2.77s/it][A

 22%|##1       | 7/32 [00:23<01:08,  2.75s/it][A

 25%|##5       | 8/32 [00:26<01:04,  2.67s/it][A

 28%|##8       | 9/32 [00:29<01:01,  2.66s/it][A

 31%|###1      | 10/32 [00:31<00:56,  2.57s/it][A

 34%|###4      | 11/32 [00:33<00:53,  2.55s/it][A

 38%|###7      | 12/32 [00:36<00:50,  2.53s/it][A

 41%|####      | 13/32 [00:38<00:47,  2.49s/it][A

 44%|####3     | 14/32 [00:41<00:44,  2.47s/it][A

 47%|####6     | 15/32 [00:43<00:41,  2.46s/it][A

 50%|#####     | 16/32 [00:46<00:39,  2.46s/it][A

 53%|#####3    | 17/32 [00:48<00:37,  2.47s/it][A

 56%|#####6    | 18/32 [00:51<00:34,  2.45s/it][A

 59%|#####9    | 19/32 [00:53<00:32,  2.49s/it][A

 62%|######2   | 20/32 [00:56<00:29,  2.46s/it][A

 66%|######5   | 21/32 [00:58<00:27,  2.46s/it][A

 69%|######8   | 22/32 [01:00<00:24,  2.46s/it][A

 72%|#######1  | 23/32 [01:03<00:21,  2.44s/it][A

 75%|#######5  | 24/32 [01:05<00:19,  2.41s/it][A

 78%|#######8  | 25/32 [01:08<00:16,  2.41s/it][A

 81%|########1 | 26/32 [01:10<00:14,  2.39s/it][A

 84%|########4 | 27/32 [01:12<00:12,  2.41s/it][A

 88%|########7 | 28/32 [01:15<00:09,  2.41s/it][A

 91%|######### | 29/32 [01:17<00:07,  2.42s/it][A

 94%|#########3| 30/32 [01:20<00:04,  2.41s/it][A

 97%|#########6| 31/32 [01:22<00:02,  2.39s/it][A

100%|##########| 32/32 [01:24<00:00,  2.40s/it][A
100%|##########| 32/32 [01:25<00:00,  2.66s/it]


Time & Date = 01:23 PM , 13_Jun_2024  GST

Total Time => 0 Hours : 1 Minutes : 25 Seconds



Epoch 50/50

Accuracy             = 0.6438
F1-Score             = 0.6417
Precision            = 0.6403
Recall               = 0.6877
Average Loss         = 1.4087




Final Evaluation
Saving Results ...
Results Saved



100%|##########| 50/50 [08:24<00:00, 34.16s/it]
100%|##########| 50/50 [08:24<00:00, 10.10s/it]


Time & Date = 01:23 PM , 13_Jun_2024  GST

Total Time => 0 Hours : 8 Minutes : 24 Seconds


