

##############################################
PALM: Prompt Learning in Audio Language Models
##############################################


Time & Date = 12:56 PM , 13_Jun_2024  GST



Model:    COCOOP
Dataset:  NS-Instruments
Seed:     0


Creating a 16-shot dataset ...


################## Dataset Information ##################
FewShot Dataset

Root: REDACTED/Audio-Datasets/NS-Instruments

Number of Classes: 10

Number of Shots: 16

Total Number of Samples: 160

Classnames: ['bass', 'brass', 'flute', 'guitar', 'keyboard', 'mallet', 'organ', 'reed', 'string', 'vocal']

Label to Classname: {0: 'bass', 1: 'brass', 2: 'flute', 3: 'guitar', 4: 'keyboard', 5: 'mallet', 6: 'organ', 7: 'reed', 8: 'string', 9: 'vocal'}

Classname to Label: {'bass': 0, 'brass': 1, 'flute': 2, 'guitar': 3, 'keyboard': 4, 'mallet': 5, 'organ': 6, 'reed': 7, 'string': 8, 'vocal': 9}
########################################################




################## Dataset Information ##################
FewShot Dataset

Root: REDACTED/Audio-Datasets/NS-Instruments

Number of Classes: 10

Number of Shots: -1

Total Number of Samples: 4096

Classnames: ['bass', 'brass', 'flute', 'guitar', 'keyboard', 'mallet', 'organ', 'reed', 'string', 'vocal']

Label to Classname: {0: 'bass', 1: 'brass', 2: 'flute', 3: 'guitar', 4: 'keyboard', 5: 'mallet', 6: 'organ', 7: 'reed', 8: 'string', 9: 'vocal'}

Classname to Label: {'bass': 0, 'brass': 1, 'flute': 2, 'guitar': 3, 'keyboard': 4, 'mallet': 5, 'organ': 6, 'reed': 7, 'string': 8, 'vocal': 9}
########################################################


Using Method: 'COCOOP'

REDACTED/.venvs/palm/lib/python3.8/site-packages/huggingface_hub/file_download.py:1132: FutureWarning: `resume_download` is deprecated and will be removed in version 1.0.0. Downloads always resume when possible. If you want to force a new download, use `force_download=True`.
  warnings.warn(
Initializing a Generic Context for COCOOP ...
args:  Namespace(batch_size=16, classnames=['bass', 'brass', 'flute', 'guitar', 'keyboard', 'mallet', 'organ', 'reed', 'string', 'vocal'], ctx_dim=512, dataset_root='REDACTED/Audio-Datasets/NS-Instruments', device=device(type='cuda'), do_logging=True, eval_only=False, exp_name='NS-Instruments', freq_test_model=10, json_file_path='logs/cocoop/NS-Instruments.json', log_dir='logs/cocoop', lr=0.05, model_name='cocoop', model_path='', n_ctx=16, n_epochs=50, num_shots=16, process_audio_fn=<bound method PengiWrapper.preprocess_audio of <pengi.wrapper.PengiWrapper object at 0x7f98265d3190>>, prompt_prefix='The is a recording of ', repeat=False, resample=True, save_model_path='REDACTED/Audio-Datasets/NS-Instruments', seed=0, spec_aug=False, start_epoch=0)

  0%|          | 0/50 [00:00<?, ?it/s]
  2%|2         | 1/50 [00:09<07:22,  9.04s/it]
  4%|4         | 2/50 [00:17<07:08,  8.93s/it]
  6%|6         | 3/50 [00:26<07:01,  8.96s/it]
  8%|8         | 4/50 [00:35<06:51,  8.94s/it]
 10%|#         | 5/50 [00:44<06:34,  8.76s/it]
 12%|#2        | 6/50 [00:53<06:25,  8.76s/it]
 14%|#4        | 7/50 [01:01<06:13,  8.70s/it]
 16%|#6        | 8/50 [01:10<06:12,  8.87s/it]
 18%|#8        | 9/50 [01:19<06:01,  8.82s/it]

Epoch 10/50

Accuracy             = 0.7000
F1-Score             = 0.6992
Precision            = 0.7041
Recall               = 0.7000
Average Loss         = 0.9125



 20%|##        | 10/50 [01:28<05:52,  8.81s/it]
 22%|##2       | 11/50 [01:37<05:50,  8.98s/it]
 24%|##4       | 12/50 [01:46<05:41,  8.99s/it]
 26%|##6       | 13/50 [01:55<05:32,  8.99s/it]
 28%|##8       | 14/50 [02:04<05:24,  9.03s/it]
 30%|###       | 15/50 [02:14<05:18,  9.10s/it]
 32%|###2      | 16/50 [02:22<05:04,  8.95s/it]
 34%|###4      | 17/50 [02:31<04:56,  8.98s/it]
 36%|###6      | 18/50 [02:40<04:45,  8.94s/it]
 38%|###8      | 19/50 [02:49<04:39,  9.02s/it]

Epoch 20/50

Accuracy             = 0.7250
F1-Score             = 0.7195
Precision            = 0.7415
Recall               = 0.7250
Average Loss         = 0.7758



 40%|####      | 20/50 [02:58<04:26,  8.89s/it]
 42%|####2     | 21/50 [03:07<04:16,  8.85s/it]
 44%|####4     | 22/50 [03:15<04:05,  8.76s/it]
 46%|####6     | 23/50 [03:24<03:55,  8.72s/it]
 48%|####8     | 24/50 [03:33<03:47,  8.73s/it]
 50%|#####     | 25/50 [03:41<03:36,  8.68s/it]
 52%|#####2    | 26/50 [03:49<03:25,  8.58s/it]
 54%|#####4    | 27/50 [03:58<03:17,  8.60s/it]
 56%|#####6    | 28/50 [04:07<03:09,  8.60s/it]
 58%|#####8    | 29/50 [04:16<03:02,  8.68s/it]

Epoch 30/50

Accuracy             = 0.8500
F1-Score             = 0.8464
Precision            = 0.8554
Recall               = 0.8500
Average Loss         = 0.5002



 60%|######    | 30/50 [04:24<02:52,  8.62s/it]
 62%|######2   | 31/50 [04:33<02:46,  8.74s/it]
 64%|######4   | 32/50 [04:42<02:36,  8.70s/it]
 66%|######6   | 33/50 [04:51<02:29,  8.80s/it]
 68%|######8   | 34/50 [04:59<02:18,  8.66s/it]
 70%|#######   | 35/50 [05:07<02:08,  8.60s/it]
 72%|#######2  | 36/50 [05:17<02:02,  8.76s/it]
 74%|#######4  | 37/50 [05:26<01:56,  8.93s/it]
 76%|#######6  | 38/50 [05:35<01:48,  9.02s/it]
 78%|#######8  | 39/50 [05:44<01:37,  8.86s/it]

Epoch 40/50

Accuracy             = 0.9313
F1-Score             = 0.9311
Precision            = 0.9342
Recall               = 0.9313
Average Loss         = 0.2636



 80%|########  | 40/50 [05:52<01:27,  8.72s/it]
 82%|########2 | 41/50 [06:01<01:18,  8.71s/it]
 84%|########4 | 42/50 [06:09<01:09,  8.72s/it]
 86%|########6 | 43/50 [06:19<01:01,  8.82s/it]
 88%|########8 | 44/50 [06:27<00:52,  8.79s/it]
 90%|######### | 45/50 [06:36<00:44,  8.88s/it]
 92%|#########2| 46/50 [06:45<00:35,  8.94s/it]
 94%|#########3| 47/50 [06:54<00:26,  8.91s/it]
 96%|#########6| 48/50 [07:03<00:17,  8.93s/it]
 98%|#########8| 49/50 [07:12<00:08,  8.97s/it]

Epoch 50/50

Accuracy             = 0.9563
F1-Score             = 0.9562
Precision            = 0.9587
Recall               = 0.9563
Average Loss         = 0.1881




Evaluating the model ...


  0%|          | 0/32 [00:00<?, ?it/s][A

  3%|3         | 1/32 [00:08<04:36,  8.92s/it][A

  6%|6         | 2/32 [00:11<02:37,  5.26s/it][A

  9%|9         | 3/32 [00:14<01:57,  4.04s/it][A

 12%|#2        | 4/32 [00:16<01:37,  3.48s/it][A

 16%|#5        | 5/32 [00:19<01:26,  3.20s/it][A

 19%|#8        | 6/32 [00:22<01:17,  3.00s/it][A

 22%|##1       | 7/32 [00:24<01:11,  2.86s/it][A

 25%|##5       | 8/32 [00:27<01:07,  2.80s/it][A

 28%|##8       | 9/32 [00:29<01:02,  2.72s/it][A

 31%|###1      | 10/32 [00:32<00:57,  2.63s/it][A

 34%|###4      | 11/32 [00:35<00:55,  2.63s/it][A

 38%|###7      | 12/32 [00:37<00:52,  2.60s/it][A

 41%|####      | 13/32 [00:40<00:49,  2.59s/it][A

 44%|####3     | 14/32 [00:42<00:47,  2.61s/it][A

 47%|####6     | 15/32 [00:45<00:44,  2.62s/it][A

 50%|#####     | 16/32 [00:48<00:42,  2.64s/it][A

 53%|#####3    | 17/32 [00:50<00:39,  2.64s/it][A

 56%|#####6    | 18/32 [00:53<00:36,  2.62s/it][A

 59%|#####9    | 19/32 [00:55<00:34,  2.63s/it][A

 62%|######2   | 20/32 [00:58<00:31,  2.60s/it][A

 66%|######5   | 21/32 [01:01<00:28,  2.59s/it][A

 69%|######8   | 22/32 [01:03<00:26,  2.62s/it][A

 72%|#######1  | 23/32 [01:06<00:23,  2.59s/it][A

 75%|#######5  | 24/32 [01:08<00:20,  2.57s/it][A

 78%|#######8  | 25/32 [01:11<00:18,  2.60s/it][A

 81%|########1 | 26/32 [01:14<00:15,  2.59s/it][A

 84%|########4 | 27/32 [01:16<00:12,  2.55s/it][A

 88%|########7 | 28/32 [01:19<00:10,  2.54s/it][A

 91%|######### | 29/32 [01:21<00:07,  2.56s/it][A

 94%|#########3| 30/32 [01:23<00:04,  2.48s/it][A

 97%|#########6| 31/32 [01:26<00:02,  2.52s/it][A

100%|##########| 32/32 [01:29<00:00,  2.54s/it][A
100%|##########| 32/32 [01:29<00:00,  2.79s/it]


Time & Date = 01:05 PM , 13_Jun_2024  GST

Total Time => 0 Hours : 1 Minutes : 30 Seconds



Epoch 50/50

Accuracy             = 0.5996
F1-Score             = 0.6199
Precision            = 0.6246
Recall               = 0.6578
Average Loss         = 1.6584




Final Evaluation
Saving Results ...
Results Saved



100%|##########| 50/50 [08:51<00:00, 35.95s/it]
100%|##########| 50/50 [08:51<00:00, 10.63s/it]


Time & Date = 01:05 PM , 13_Jun_2024  GST

Total Time => 0 Hours : 8 Minutes : 51 Seconds


