

##############################################
PALM: Prompt Learning in Audio Language Models
##############################################


Time & Date = 01:37 PM , 13_Jun_2024  GST



Model:    COCOOP
Dataset:  RAVDESS
Seed:     2


Creating a 16-shot dataset ...


################## Dataset Information ##################
FewShot Dataset

Root: REDACTED/Audio-Datasets/RAVDESS

Number of Classes: 8

Number of Shots: 16

Total Number of Samples: 128

Classnames: ['angry', 'calm', 'disgust', 'fearful', 'happy', 'neutral', 'sad', 'surprised']

Label to Classname: {0: 'angry', 1: 'calm', 2: 'disgust', 3: 'fearful', 4: 'happy', 5: 'neutral', 6: 'sad', 7: 'surprised'}

Classname to Label: {'angry': 0, 'calm': 1, 'disgust': 2, 'fearful': 3, 'happy': 4, 'neutral': 5, 'sad': 6, 'surprised': 7}
########################################################




################## Dataset Information ##################
FewShot Dataset

Root: REDACTED/Audio-Datasets/RAVDESS

Number of Classes: 8

Number of Shots: -1

Total Number of Samples: 491

Classnames: ['angry', 'calm', 'disgust', 'fearful', 'happy', 'neutral', 'sad', 'surprised']

Label to Classname: {0: 'angry', 1: 'calm', 2: 'disgust', 3: 'fearful', 4: 'happy', 5: 'neutral', 6: 'sad', 7: 'surprised'}

Classname to Label: {'angry': 0, 'calm': 1, 'disgust': 2, 'fearful': 3, 'happy': 4, 'neutral': 5, 'sad': 6, 'surprised': 7}
########################################################


Using Method: 'COCOOP'

REDACTED/.venvs/palm/lib/python3.8/site-packages/huggingface_hub/file_download.py:1132: FutureWarning: `resume_download` is deprecated and will be removed in version 1.0.0. Downloads always resume when possible. If you want to force a new download, use `force_download=True`.
  warnings.warn(
Initializing a Generic Context for COCOOP ...
args:  Namespace(batch_size=16, classnames=['angry', 'calm', 'disgust', 'fearful', 'happy', 'neutral', 'sad', 'surprised'], ctx_dim=512, dataset_root='REDACTED/Audio-Datasets/RAVDESS', device=device(type='cuda'), do_logging=True, eval_only=False, exp_name='RAVDESS', freq_test_model=10, json_file_path='logs/cocoop/RAVDESS.json', log_dir='logs/cocoop', lr=0.05, model_name='cocoop', model_path='', n_ctx=16, n_epochs=50, num_shots=16, process_audio_fn=<bound method PengiWrapper.preprocess_audio of <pengi.wrapper.PengiWrapper object at 0x7fc7a4846190>>, prompt_prefix='The is a recording of ', repeat=False, resample=True, save_model_path='REDACTED/Audio-Datasets/RAVDESS', seed=2, spec_aug=False, start_epoch=0)

  0%|          | 0/50 [00:00<?, ?it/s]
  2%|2         | 1/50 [00:07<05:57,  7.29s/it]
  4%|4         | 2/50 [00:14<05:38,  7.05s/it]
  6%|6         | 3/50 [00:20<05:18,  6.78s/it]
  8%|8         | 4/50 [00:27<05:16,  6.88s/it]
 10%|#         | 5/50 [00:34<05:06,  6.80s/it]
 12%|#2        | 6/50 [00:41<05:04,  6.92s/it]
 14%|#4        | 7/50 [00:48<04:57,  6.93s/it]
 16%|#6        | 8/50 [00:54<04:42,  6.74s/it]
 18%|#8        | 9/50 [01:01<04:35,  6.71s/it]

Epoch 10/50

Accuracy             = 0.2891
F1-Score             = 0.2422
Precision            = 0.2454
Recall               = 0.2891
Average Loss         = 1.6861



 20%|##        | 10/50 [01:08<04:27,  6.70s/it]
 22%|##2       | 11/50 [01:15<04:26,  6.82s/it]
 24%|##4       | 12/50 [01:22<04:19,  6.84s/it]
 26%|##6       | 13/50 [01:28<04:13,  6.84s/it]
 28%|##8       | 14/50 [01:35<04:06,  6.85s/it]
 30%|###       | 15/50 [01:42<04:00,  6.86s/it]
 32%|###2      | 16/50 [01:49<03:53,  6.86s/it]
 34%|###4      | 17/50 [01:56<03:49,  6.94s/it]
 36%|###6      | 18/50 [02:03<03:41,  6.92s/it]
 38%|###8      | 19/50 [02:10<03:33,  6.90s/it]

Epoch 20/50

Accuracy             = 0.4688
F1-Score             = 0.4536
Precision            = 0.4632
Recall               = 0.4688
Average Loss         = 1.3622



 40%|####      | 20/50 [02:17<03:25,  6.84s/it]
 42%|####2     | 21/50 [02:23<03:18,  6.84s/it]
 44%|####4     | 22/50 [02:30<03:09,  6.78s/it]
 46%|####6     | 23/50 [02:37<03:01,  6.73s/it]
 48%|####8     | 24/50 [02:43<02:52,  6.65s/it]
 50%|#####     | 25/50 [02:50<02:48,  6.73s/it]
 52%|#####2    | 26/50 [02:57<02:43,  6.82s/it]
 54%|#####4    | 27/50 [03:04<02:35,  6.78s/it]
 56%|#####6    | 28/50 [03:11<02:31,  6.89s/it]
 58%|#####8    | 29/50 [03:18<02:23,  6.82s/it]

Epoch 30/50

Accuracy             = 0.4297
F1-Score             = 0.4256
Precision            = 0.4444
Recall               = 0.4297
Average Loss         = 1.3692



 60%|######    | 30/50 [03:24<02:16,  6.84s/it]
 62%|######2   | 31/50 [03:31<02:08,  6.74s/it]
 64%|######4   | 32/50 [03:37<02:00,  6.67s/it]
 66%|######6   | 33/50 [03:44<01:53,  6.65s/it]
 68%|######8   | 34/50 [03:51<01:46,  6.68s/it]
 70%|#######   | 35/50 [03:57<01:39,  6.63s/it]
 72%|#######2  | 36/50 [04:04<01:33,  6.70s/it]
 74%|#######4  | 37/50 [04:11<01:28,  6.82s/it]
 76%|#######6  | 38/50 [04:18<01:21,  6.81s/it]
 78%|#######8  | 39/50 [04:25<01:15,  6.91s/it]

Epoch 40/50

Accuracy             = 0.4531
F1-Score             = 0.4367
Precision            = 0.4426
Recall               = 0.4531
Average Loss         = 1.3743



 80%|########  | 40/50 [04:32<01:08,  6.83s/it]
 82%|########2 | 41/50 [04:38<01:00,  6.76s/it]
 84%|########4 | 42/50 [04:45<00:54,  6.79s/it]
 86%|########6 | 43/50 [04:52<00:47,  6.76s/it]
 88%|########8 | 44/50 [04:59<00:40,  6.69s/it]
 90%|######### | 45/50 [05:06<00:34,  6.91s/it]
 92%|#########2| 46/50 [05:13<00:27,  6.95s/it]
 94%|#########3| 47/50 [05:20<00:21,  7.07s/it]
 96%|#########6| 48/50 [05:27<00:14,  7.09s/it]
 98%|#########8| 49/50 [05:34<00:06,  6.95s/it]

Epoch 50/50

Accuracy             = 0.5625
F1-Score             = 0.5591
Precision            = 0.5657
Recall               = 0.5625
Average Loss         = 1.2348




Evaluating the model ...


  0%|          | 0/4 [00:00<?, ?it/s][A

 25%|##5       | 1/4 [00:05<00:17,  5.99s/it][A

 50%|#####     | 2/4 [00:08<00:07,  3.79s/it][A

 75%|#######5  | 3/4 [00:11<00:03,  3.47s/it][A

100%|##########| 4/4 [00:13<00:00,  2.86s/it][A
100%|##########| 4/4 [00:13<00:00,  3.38s/it]


Time & Date = 01:43 PM , 13_Jun_2024  GST

Total Time => 0 Hours : 0 Minutes : 14 Seconds



Epoch 50/50

Accuracy             = 0.3523
F1-Score             = 0.3436
Precision            = 0.3837
Recall               = 0.3857
Average Loss         = 1.6625




Final Evaluation
Saving Results ...
Results Saved



100%|##########| 50/50 [05:55<00:00, 11.15s/it]
100%|##########| 50/50 [05:55<00:00,  7.11s/it]


Time & Date = 01:43 PM , 13_Jun_2024  GST

Total Time => 0 Hours : 5 Minutes : 55 Seconds


