

##############################################
PALM: Prompt Learning in Audio Language Models
##############################################


Time & Date = 03:30 PM , 13_Jun_2024  GST



Model:    COCOOP
Dataset:  VocalSound
Seed:     0


Creating a 16-shot dataset ...


################## Dataset Information ##################
FewShot Dataset

Root: REDACTED/Audio-Datasets/VocalSound

Number of Classes: 6

Number of Shots: 16

Total Number of Samples: 96

Classnames: ['Cough', 'Laughter', 'Sigh', 'Sneeze', 'Sniff', 'Throat clearing']

Label to Classname: {0: 'Cough', 1: 'Laughter', 2: 'Sigh', 3: 'Sneeze', 4: 'Sniff', 5: 'Throat clearing'}

Classname to Label: {'Cough': 0, 'Laughter': 1, 'Sigh': 2, 'Sneeze': 3, 'Sniff': 4, 'Throat clearing': 5}
########################################################




################## Dataset Information ##################
FewShot Dataset

Root: REDACTED/Audio-Datasets/VocalSound

Number of Classes: 6

Number of Shots: -1

Total Number of Samples: 3591

Classnames: ['Cough', 'Laughter', 'Sigh', 'Sneeze', 'Sniff', 'Throat clearing']

Label to Classname: {0: 'Cough', 1: 'Laughter', 2: 'Sigh', 3: 'Sneeze', 4: 'Sniff', 5: 'Throat clearing'}

Classname to Label: {'Cough': 0, 'Laughter': 1, 'Sigh': 2, 'Sneeze': 3, 'Sniff': 4, 'Throat clearing': 5}
########################################################


Using Method: 'COCOOP'

REDACTED/.venvs/palm/lib/python3.8/site-packages/huggingface_hub/file_download.py:1132: FutureWarning: `resume_download` is deprecated and will be removed in version 1.0.0. Downloads always resume when possible. If you want to force a new download, use `force_download=True`.
  warnings.warn(
Initializing a Generic Context for COCOOP ...
args:  Namespace(batch_size=16, classnames=['Cough', 'Laughter', 'Sigh', 'Sneeze', 'Sniff', 'Throat clearing'], ctx_dim=512, dataset_root='REDACTED/Audio-Datasets/VocalSound', device=device(type='cuda'), do_logging=True, eval_only=False, exp_name='VocalSound', freq_test_model=10, json_file_path='logs/cocoop/VocalSound.json', log_dir='logs/cocoop', lr=0.05, model_name='cocoop', model_path='', n_ctx=16, n_epochs=50, num_shots=16, process_audio_fn=<bound method PengiWrapper.preprocess_audio of <pengi.wrapper.PengiWrapper object at 0x7f72801ec160>>, prompt_prefix='The is a recording of ', repeat=False, resample=True, save_model_path='REDACTED/Audio-Datasets/VocalSound', seed=0, spec_aug=False, start_epoch=0)

  0%|          | 0/50 [00:00<?, ?it/s]
  2%|2         | 1/50 [00:05<04:39,  5.70s/it]
  4%|4         | 2/50 [00:11<04:31,  5.65s/it]
  6%|6         | 3/50 [00:16<04:23,  5.60s/it]
  8%|8         | 4/50 [00:22<04:19,  5.64s/it]
 10%|#         | 5/50 [00:28<04:11,  5.60s/it]
 12%|#2        | 6/50 [00:33<04:07,  5.62s/it]
 14%|#4        | 7/50 [00:39<03:58,  5.54s/it]
 16%|#6        | 8/50 [00:44<03:48,  5.45s/it]
 18%|#8        | 9/50 [00:49<03:40,  5.37s/it]

Epoch 10/50

Accuracy             = 0.7188
F1-Score             = 0.7084
Precision            = 0.7163
Recall               = 0.7188
Average Loss         = 0.9056



 20%|##        | 10/50 [00:54<03:34,  5.35s/it]
 22%|##2       | 11/50 [01:00<03:28,  5.36s/it]
 24%|##4       | 12/50 [01:05<03:22,  5.32s/it]
 26%|##6       | 13/50 [01:10<03:16,  5.31s/it]
 28%|##8       | 14/50 [01:16<03:10,  5.30s/it]
 30%|###       | 15/50 [01:21<03:05,  5.29s/it]
 32%|###2      | 16/50 [01:26<02:59,  5.27s/it]
 34%|###4      | 17/50 [01:31<02:54,  5.30s/it]
 36%|###6      | 18/50 [01:37<02:48,  5.26s/it]
 38%|###8      | 19/50 [01:42<02:42,  5.26s/it]

Epoch 20/50

Accuracy             = 0.8229
F1-Score             = 0.8203
Precision            = 0.8295
Recall               = 0.8229
Average Loss         = 0.4243



 40%|####      | 20/50 [01:47<02:38,  5.28s/it]
 42%|####2     | 21/50 [01:52<02:32,  5.27s/it]
 44%|####4     | 22/50 [01:58<02:27,  5.27s/it]
 46%|####6     | 23/50 [02:03<02:23,  5.33s/it]
 48%|####8     | 24/50 [02:09<02:19,  5.36s/it]
 50%|#####     | 25/50 [02:14<02:12,  5.31s/it]
 52%|#####2    | 26/50 [02:19<02:08,  5.34s/it]
 54%|#####4    | 27/50 [02:24<02:02,  5.32s/it]
 56%|#####6    | 28/50 [02:30<01:56,  5.30s/it]
 58%|#####8    | 29/50 [02:35<01:51,  5.29s/it]

Epoch 30/50

Accuracy             = 0.9271
F1-Score             = 0.9257
Precision            = 0.9255
Recall               = 0.9271
Average Loss         = 0.2033



 60%|######    | 30/50 [02:40<01:46,  5.32s/it]
 62%|######2   | 31/50 [02:46<01:40,  5.30s/it]
 64%|######4   | 32/50 [02:51<01:34,  5.27s/it]
 66%|######6   | 33/50 [02:56<01:29,  5.26s/it]
 68%|######8   | 34/50 [03:01<01:24,  5.28s/it]
 70%|#######   | 35/50 [03:07<01:19,  5.29s/it]
 72%|#######2  | 36/50 [03:12<01:14,  5.33s/it]
 74%|#######4  | 37/50 [03:17<01:08,  5.30s/it]
 76%|#######6  | 38/50 [03:23<01:03,  5.27s/it]
 78%|#######8  | 39/50 [03:28<00:57,  5.25s/it]

Epoch 40/50

Accuracy             = 0.9688
F1-Score             = 0.9687
Precision            = 0.9717
Recall               = 0.9688
Average Loss         = 0.1052



 80%|########  | 40/50 [03:33<00:52,  5.26s/it]
 82%|########2 | 41/50 [03:38<00:47,  5.27s/it]
 84%|########4 | 42/50 [03:44<00:42,  5.27s/it]
 86%|########6 | 43/50 [03:49<00:36,  5.25s/it]
 88%|########8 | 44/50 [03:54<00:31,  5.25s/it]
 90%|######### | 45/50 [03:59<00:26,  5.29s/it]
 92%|#########2| 46/50 [04:05<00:21,  5.28s/it]
 94%|#########3| 47/50 [04:10<00:15,  5.27s/it]
 96%|#########6| 48/50 [04:15<00:10,  5.25s/it]
 98%|#########8| 49/50 [04:21<00:05,  5.29s/it]

Epoch 50/50

Accuracy             = 1.0000
F1-Score             = 1.0000
Precision            = 1.0000
Recall               = 1.0000
Average Loss         = 0.0221




Evaluating the model ...


  0%|          | 0/29 [00:00<?, ?it/s][A

  3%|3         | 1/29 [00:05<02:29,  5.35s/it][A

  7%|6         | 2/29 [00:07<01:33,  3.47s/it][A

 10%|#         | 3/29 [00:09<01:15,  2.91s/it][A

 14%|#3        | 4/29 [00:11<01:05,  2.60s/it][A

 17%|#7        | 5/29 [00:14<00:59,  2.47s/it][A

 21%|##        | 6/29 [00:16<00:54,  2.35s/it][A

 24%|##4       | 7/29 [00:18<00:50,  2.29s/it][A

 28%|##7       | 8/29 [00:20<00:46,  2.23s/it][A

 31%|###1      | 9/29 [00:22<00:44,  2.21s/it][A

 34%|###4      | 10/29 [00:24<00:41,  2.20s/it][A

 38%|###7      | 11/29 [00:27<00:39,  2.19s/it][A

 41%|####1     | 12/29 [00:29<00:36,  2.17s/it][A

 45%|####4     | 13/29 [00:31<00:34,  2.17s/it][A

 48%|####8     | 14/29 [00:33<00:32,  2.15s/it][A

 52%|#####1    | 15/29 [00:35<00:30,  2.16s/it][A

 55%|#####5    | 16/29 [00:37<00:27,  2.14s/it][A

 59%|#####8    | 17/29 [00:39<00:25,  2.13s/it][A

 62%|######2   | 18/29 [00:41<00:23,  2.14s/it][A

 66%|######5   | 19/29 [00:44<00:21,  2.15s/it][A

 69%|######8   | 20/29 [00:46<00:19,  2.13s/it][A

 72%|#######2  | 21/29 [00:48<00:17,  2.14s/it][A

 76%|#######5  | 22/29 [00:50<00:14,  2.13s/it][A

 79%|#######9  | 23/29 [00:52<00:12,  2.15s/it][A

 83%|########2 | 24/29 [00:54<00:10,  2.14s/it][A

 86%|########6 | 25/29 [00:56<00:08,  2.15s/it][A

 90%|########9 | 26/29 [00:59<00:06,  2.14s/it][A

 93%|#########3| 27/29 [01:01<00:04,  2.13s/it][A

 97%|#########6| 28/29 [01:03<00:02,  2.12s/it][A

100%|##########| 29/29 [01:03<00:00,  1.54s/it][A
100%|##########| 29/29 [01:03<00:00,  2.20s/it]


Time & Date = 03:36 PM , 13_Jun_2024  GST

Total Time => 0 Hours : 1 Minutes : 4 Seconds



Epoch 50/50

Accuracy             = 0.8081
F1-Score             = 0.8054
Precision            = 0.8116
Recall               = 0.8082
Average Loss         = 0.6976




Final Evaluation
Saving Results ...
Results Saved



100%|##########| 50/50 [05:30<00:00, 24.61s/it]
100%|##########| 50/50 [05:30<00:00,  6.61s/it]


Time & Date = 03:36 PM , 13_Jun_2024  GST

Total Time => 0 Hours : 5 Minutes : 30 Seconds


